[     723ms] [INFO] %cDownload the React DevTools for a better development experience: https://react.dev/link/react-devtools font-weight:bold @ http://127.0.0.1:3000/_next/static/chunks/node_modules_next_dist_115brz8._.js:2431
[     735ms] [LOG] [HMR] connected @ http://127.0.0.1:3000/_next/static/chunks/node_modules_next_dist_115brz8._.js:2431
[    1591ms] [LOG] [Fast Refresh] rebuilding @ http://127.0.0.1:3000/_next/static/chunks/node_modules_next_dist_115brz8._.js:2431
[    1622ms] [LOG] [Fast Refresh] done in 135ms @ http://127.0.0.1:3000/_next/static/chunks/node_modules_next_dist_115brz8._.js:2431
[   11770ms] [ERROR] Invalid prop `%s` supplied to `React.Fragment`. React.Fragment can only have `key`, `ref`, and `children` props. className @ http://127.0.0.1:3000/_next/static/chunks/node_modules_next_dist_115brz8._.js:3272
[   11770ms] [ERROR] %o

%s Error: Unable to load student conventional discounts: TypeError: fetch failed
    at getStudentConventionalDiscountAssignments (about://React/Server/D:%5COneDrive%20-%20Veer%20Patta%20Public%20School%5CDocuments%5CNew%20project%5Cveerpatta-fees-app%5C.next%5Cdev%5Cserver%5Cchunks%5Cssr%5C_0ffuzaq._.js?150:2577:15)
    at  getFeeSetupPageData (about://React/Server/D:%5COneDrive%20-%20Veer%20Patta%20Public%20School%5CDocuments%5CNew%20project%5Cveerpatta-fees-app%5C.next%5Cdev%5Cserver%5Cchunks%5Cssr%5C_0ffuzaq._.js?151:3174:77)
    at  loadSetupWizardData (about://React/Server/D:%5COneDrive%20-%20Veer%20Patta%20Public%20School%5CDocuments%5CNew%20project%5Cveerpatta-fees-app%5C.next%5Cdev%5Cserver%5Cchunks%5Cssr%5C%5Broot-of-the-server%5D__0gtppi6._.js?152:2594:23)
    at  PaymentDeskDataLoader (about://React/Server/D:%5COneDrive%20-%20Veer%20Patta%20Public%20School%5CDocuments%5CNew%20project%5Cveerpatta-fees-app%5C.next%5Cdev%5Cserver%5Cchunks%5Cssr%5C%5Broot-of-the-server%5D__0by-ohg._.js?153:1301:19)
    at resolveErrorDev (http://127.0.0.1:3000/_next/static/chunks/node_modules_next_dist_compiled_react-server-dom-turbopack_0p3wegg._.js:1919:150)
    at processFullStringRow (http://127.0.0.1:3000/_next/static/chunks/node_modules_next_dist_compiled_react-server-dom-turbopack_0p3wegg._.js:2434:29)
    at processFullBinaryRow (http://127.0.0.1:3000/_next/static/chunks/node_modules_next_dist_compiled_react-server-dom-turbopack_0p3wegg._.js:2393:9)
    at processBinaryChunk (http://127.0.0.1:3000/_next/static/chunks/node_modules_next_dist_compiled_react-server-dom-turbopack_0p3wegg._.js:2502:221)
    at progress (http://127.0.0.1:3000/_next/static/chunks/node_modules_next_dist_compiled_react-server-dom-turbopack_0p3wegg._.js:2689:13) The above error occurred in the <PaymentDeskDataLoader> component. It was handled by the <ErrorBoundaryHandler> error boundary. @ http://127.0.0.1:3000/_next/static/chunks/node_modules_next_dist_client_0fhqo1d._.js:1998
[  379404ms] [ERROR] Invalid prop `%s` supplied to `React.Fragment`. React.Fragment can only have `key`, `ref`, and `children` props. className @ http://127.0.0.1:3000/_next/static/chunks/node_modules_next_dist_115brz8._.js:3272
[  379407ms] [ERROR] Invalid prop `%s` supplied to `React.Fragment`. React.Fragment can only have `key`, `ref`, and `children` props. className @ http://127.0.0.1:3000/_next/static/chunks/node_modules_next_dist_115brz8._.js:3272
[  379409ms] [ERROR] %o

%s Error: Unable to load student conventional discounts: TypeError: fetch failed
    at getStudentConventionalDiscountAssignments (about://React/Server/D:%5COneDrive%20-%20Veer%20Patta%20Public%20School%5CDocuments%5CNew%20project%5Cveerpatta-fees-app%5C.next%5Cdev%5Cserver%5Cchunks%5Cssr%5C_0ffuzaq._.js?150:2577:15)
    at  getFeeSetupPageData (about://React/Server/D:%5COneDrive%20-%20Veer%20Patta%20Public%20School%5CDocuments%5CNew%20project%5Cveerpatta-fees-app%5C.next%5Cdev%5Cserver%5Cchunks%5Cssr%5C_0ffuzaq._.js?151:3174:77)
    at  loadSetupWizardData (about://React/Server/D:%5COneDrive%20-%20Veer%20Patta%20Public%20School%5CDocuments%5CNew%20project%5Cveerpatta-fees-app%5C.next%5Cdev%5Cserver%5Cchunks%5Cssr%5C%5Broot-of-the-server%5D__0gtppi6._.js?152:2594:23)
    at  PaymentDeskDataLoader (about://React/Server/D:%5COneDrive%20-%20Veer%20Patta%20Public%20School%5CDocuments%5CNew%20project%5Cveerpatta-fees-app%5C.next%5Cdev%5Cserver%5Cchunks%5Cssr%5C%5Broot-of-the-server%5D__0by-ohg._.js?153:1301:19)
    at resolveErrorDev (http://127.0.0.1:3000/_next/static/chunks/node_modules_next_dist_compiled_react-server-dom-turbopack_0p3wegg._.js:1919:150)
    at processFullStringRow (http://127.0.0.1:3000/_next/static/chunks/node_modules_next_dist_compiled_react-server-dom-turbopack_0p3wegg._.js:2434:29)
    at processFullBinaryRow (http://127.0.0.1:3000/_next/static/chunks/node_modules_next_dist_compiled_react-server-dom-turbopack_0p3wegg._.js:2393:9)
    at processBinaryChunk (http://127.0.0.1:3000/_next/static/chunks/node_modules_next_dist_compiled_react-server-dom-turbopack_0p3wegg._.js:2502:221)
    at progress (http://127.0.0.1:3000/_next/static/chunks/node_modules_next_dist_compiled_react-server-dom-turbopack_0p3wegg._.js:2689:13) The above error occurred in the <PaymentDeskDataLoader> component. It was handled by the <ErrorBoundaryHandler> error boundary. @ http://127.0.0.1:3000/_next/static/chunks/node_modules_next_dist_client_0fhqo1d._.js:1998
[  382389ms] [LOG] [Fast Refresh] rebuilding @ http://127.0.0.1:3000/_next/static/chunks/node_modules_next_dist_115brz8._.js:2431
[  382779ms] [LOG] [Fast Refresh] done in 491ms @ http://127.0.0.1:3000/_next/static/chunks/node_modules_next_dist_115brz8._.js:2431
[  383676ms] [WARNING] Detected `scroll-behavior: smooth` on the `<html>` element. To disable smooth scrolling during route transitions, add `data-scroll-behavior="smooth"` to your <html> element. Learn more: https://nextjs.org/docs/messages/missing-data-scroll-behavior @ http://127.0.0.1:3000/_next/static/chunks/node_modules_next_dist_115brz8._.js:2431
[  383665ms] Error: Switched to client rendering because the server rendering errored:

Unable to load student conventional discounts: TypeError: fetch failed
    at getStudentConventionalDiscountAssignments (about://React/Server/D:%5COneDrive%20-%20Veer%20Patta%20Public%20School%5CDocuments%5CNew%20project%5Cveerpatta-fees-app%5C.next%5Cdev%5Cserver%5Cchunks%5Cssr%5C_0ffuzaq._.js?156:2577:15)
    at  getFeeSetupPageData (about://React/Server/D:%5COneDrive%20-%20Veer%20Patta%20Public%20School%5CDocuments%5CNew%20project%5Cveerpatta-fees-app%5C.next%5Cdev%5Cserver%5Cchunks%5Cssr%5C_0ffuzaq._.js?157:3174:77)
    at  loadSetupWizardData (about://React/Server/D:%5COneDrive%20-%20Veer%20Patta%20Public%20School%5CDocuments%5CNew%20project%5Cveerpatta-fees-app%5C.next%5Cdev%5Cserver%5Cchunks%5Cssr%5C%5Broot-of-the-server%5D__0gtppi6._.js?158:2594:23)
    at  PaymentDeskDataLoader (about://React/Server/D:%5COneDrive%20-%20Veer%20Patta%20Public%20School%5CDocuments%5CNew%20project%5Cveerpatta-fees-app%5C.next%5Cdev%5Cserver%5Cchunks%5Cssr%5C%5Broot-of-the-server%5D__0by-ohg._.js?229:1301:19)
    at resolveErrorDev (D:\OneDrive - Veer Patta Public School\Documents\New project\veerpatta-fees-app\node_modules\next\dist\compiled\next-server\app-page-turbo.runtime.dev.js:2:405998)
    at processFullStringRow (D:\OneDrive - Veer Patta Public School\Documents\New project\veerpatta-fees-app\node_modules\next\dist\compiled\next-server\app-page-turbo.runtime.dev.js:2:426430)
    at D:\OneDrive - Veer Patta Public School\Documents\New project\veerpatta-fees-app\node_modules\next\dist\compiled\next-server\app-page-turbo.runtime.dev.js:2:432667
    at processBinaryChunk (D:\OneDrive - Veer Patta Public School\Documents\New project\veerpatta-fees-app\node_modules\next\dist\compiled\next-server\app-page-turbo.runtime.dev.js:2:432750)
    at progress (D:\OneDrive - Veer Patta Public School\Documents\New project\veerpatta-fees-app\node_modules\next\dist\compiled\next-server\app-page-turbo.runtime.dev.js:2:441688)
[  929910ms] [LOG] [Fast Refresh] rebuilding @ http://127.0.0.1:3000/_next/static/chunks/node_modules_next_dist_115brz8._.js:2431
[  931334ms] [ERROR] ./lib/fees/conventional-discounts.ts:476:5
Expected ident
  474 |     sortOrder: number;
  475 |   }>;
> 476 |     .from("student_conventional_discount_assignments")
      |     ^
  477 |     .select(
  478 |       "id, student_id, policy_id, academic_session_label, is_active, reason, notes, befor...
  479 |     )

Parsing ecmascript source code failed

Import traces:
  #1 [Server Component]:
    ./lib/fees/conventional-discounts.ts
    ./lib/fees/policy.ts
    ./components/admin/dashboard-shell.tsx
    ./app/protected/layout.tsx

  #2 [Server Component]:
    ./lib/fees/conventional-discounts.ts
    ./lib/students/data.ts
    ./lib/workbook/data.ts
    ./lib/dashboard/data.ts
    ./app/protected/dashboard/page.tsx @ http://127.0.0.1:3000/_next/static/chunks/node_modules_next_dist_115brz8._.js:3272
[  931334ms] [ERROR] ./lib/fees/conventional-discounts.ts:476:5
Expected ident
  474 |     sortOrder: number;
  475 |   }>;
> 476 |     .from("student_conventional_discount_assignments")
      |     ^
  477 |     .select(
  478 |       "id, student_id, policy_id, academic_session_label, is_active, reason, notes, befor...
  479 |     )

Parsing ecmascript source code failed

Import traces:
  #1 [Server Component]:
    ./lib/fees/conventional-discounts.ts
    ./lib/fees/policy.ts
    ./components/admin/dashboard-shell.tsx
    ./app/protected/layout.tsx

  #2 [Server Component]:
    ./lib/fees/conventional-discounts.ts
    ./lib/students/data.ts
    ./lib/workbook/data.ts
    ./lib/dashboard/data.ts
    ./app/protected/dashboard/page.tsx @ http://127.0.0.1:3000/_next/static/chunks/node_modules_next_dist_115brz8._.js:3272
[  931436ms] [ERROR] ./lib/fees/conventional-discounts.ts:476:5
Expected ident
  474 |     sortOrder: number;
  475 |   }>;
> 476 |     .from("student_conventional_discount_assignments")
      |     ^
  477 |     .select(
  478 |       "id, student_id, policy_id, academic_session_label, is_active, reason, notes, befor...
  479 |     )

Parsing ecmascript source code failed

Import traces:
  #1 [Server Component]:
    ./lib/fees/conventional-discounts.ts
    ./lib/fees/policy.ts
    ./components/admin/dashboard-shell.tsx
    ./app/protected/layout.tsx

  #2 [Server Component]:
    ./lib/fees/conventional-discounts.ts
    ./lib/students/data.ts
    ./lib/workbook/data.ts
    ./lib/dashboard/data.ts
    ./app/protected/dashboard/page.tsx @ http://127.0.0.1:3000/_next/static/chunks/node_modules_next_dist_115brz8._.js:3272
[  931499ms] [LOG] [Fast Refresh] rebuilding @ http://127.0.0.1:3000/_next/static/chunks/node_modules_next_dist_115brz8._.js:2431
[  933497ms] [ERROR] ./lib/fees/conventional-discounts.ts:476:5
Expected ident
  474 |     sortOrder: number;
  475 |   }>;
> 476 |     .from("student_conventional_discount_assignments")
      |     ^
  477 |     .select(
  478 |       "id, student_id, policy_id, academic_session_label, is_active, reason, notes, befor...
  479 |     )

Parsing ecmascript source code failed

Import traces:
  #1 [Server Component]:
    ./lib/fees/conventional-discounts.ts
    ./lib/fees/policy.ts
    ./components/admin/dashboard-shell.tsx
    ./app/protected/layout.tsx

  #2 [Server Component]:
    ./lib/fees/conventional-discounts.ts
    ./lib/students/data.ts
    ./lib/workbook/data.ts
    ./lib/dashboard/data.ts
    ./app/protected/dashboard/page.tsx @ http://127.0.0.1:3000/_next/static/chunks/node_modules_next_dist_115brz8._.js:3272
[  933605ms] [LOG] [Fast Refresh] rebuilding @ http://127.0.0.1:3000/_next/static/chunks/node_modules_next_dist_115brz8._.js:2431
[  933819ms] [ERROR] ./lib/fees/conventional-discounts.ts:476:5
Expected ident
  474 |     sortOrder: number;
  475 |   }>;
> 476 |     .from("student_conventional_discount_assignments")
      |     ^
  477 |     .select(
  478 |       "id, student_id, policy_id, academic_session_label, is_active, reason, notes, befor...
  479 |     )

Parsing ecmascript source code failed

Import traces:
  #1 [Server Component]:
    ./lib/fees/conventional-discounts.ts
    ./lib/fees/policy.ts
    ./components/admin/dashboard-shell.tsx
    ./app/protected/layout.tsx

  #2 [Server Component]:
    ./lib/fees/conventional-discounts.ts
    ./lib/students/data.ts
    ./lib/workbook/data.ts
    ./lib/dashboard/data.ts
    ./app/protected/dashboard/page.tsx @ http://127.0.0.1:3000/_next/static/chunks/node_modules_next_dist_115brz8._.js:3272
[  933934ms] [LOG] [Fast Refresh] rebuilding @ http://127.0.0.1:3000/_next/static/chunks/node_modules_next_dist_115brz8._.js:2431
[  934273ms] [ERROR] ./lib/fees/conventional-discounts.ts:476:5
Expected ident
  474 |     sortOrder: number;
  475 |   }>;
> 476 |     .from("student_conventional_discount_assignments")
      |     ^
  477 |     .select(
  478 |       "id, student_id, policy_id, academic_session_label, is_active, reason, notes, befor...
  479 |     )

Parsing ecmascript source code failed

Import traces:
  #1 [Server Component]:
    ./lib/fees/conventional-discounts.ts
    ./lib/fees/policy.ts
    ./components/admin/dashboard-shell.tsx
    ./app/protected/layout.tsx

  #2 [Server Component]:
    ./lib/fees/conventional-discounts.ts
    ./lib/students/data.ts
    ./lib/workbook/data.ts
    ./lib/dashboard/data.ts
    ./app/protected/dashboard/page.tsx @ http://127.0.0.1:3000/_next/static/chunks/node_modules_next_dist_115brz8._.js:3272
[  934273ms] [ERROR] Failed to load resource: the server responded with a status of 500 (Internal Server Error) @ http://127.0.0.1:3000/protected/dashboard?_rsc=xj7cf:0
[  934619ms] [ERROR] Failed to load resource: the server responded with a status of 500 (Internal Server Error) @ http://127.0.0.1:3000/protected/dashboard?_rsc=xj7cf:0
[  934648ms] [ERROR] ./lib/fees/conventional-discounts.ts:476:5
Expected ident
  474 |     sortOrder: number;
  475 |   }>;
> 476 |     .from("student_conventional_discount_assignments")
      |     ^
  477 |     .select(
  478 |       "id, student_id, policy_id, academic_session_label, is_active, reason, notes, befor...
  479 |     )

Parsing ecmascript source code failed

Import traces:
  #1 [Server Component]:
    ./lib/fees/conventional-discounts.ts
    ./lib/fees/policy.ts
    ./components/admin/dashboard-shell.tsx
    ./app/protected/layout.tsx

  #2 [Server Component]:
    ./lib/fees/conventional-discounts.ts
    ./lib/students/data.ts
    ./lib/workbook/data.ts
    ./lib/dashboard/data.ts
    ./app/protected/dashboard/page.tsx @ http://127.0.0.1:3000/_next/static/chunks/node_modules_next_dist_115brz8._.js:3272
[  934710ms] [LOG] [Fast Refresh] rebuilding @ http://127.0.0.1:3000/_next/static/chunks/node_modules_next_dist_115brz8._.js:2431
[  934958ms] [ERROR] Failed to load resource: the server responded with a status of 500 (Internal Server Error) @ http://127.0.0.1:3000/protected/dashboard?_rsc=xj7cf:0
[  934985ms] [ERROR] ./lib/fees/conventional-discounts.ts:476:5
Expected ident
  474 |     sortOrder: number;
  475 |   }>;
> 476 |     .from("student_conventional_discount_assignments")
      |     ^
  477 |     .select(
  478 |       "id, student_id, policy_id, academic_session_label, is_active, reason, notes, befor...
  479 |     )

Parsing ecmascript source code failed

Import traces:
  #1 [Server Component]:
    ./lib/fees/conventional-discounts.ts
    ./lib/fees/policy.ts
    ./components/admin/dashboard-shell.tsx
    ./app/protected/layout.tsx

  #2 [Server Component]:
    ./lib/fees/conventional-discounts.ts
    ./lib/students/data.ts
    ./lib/workbook/data.ts
    ./lib/dashboard/data.ts
    ./app/protected/dashboard/page.tsx @ http://127.0.0.1:3000/_next/static/chunks/node_modules_next_dist_115brz8._.js:3272
[  935060ms] [LOG] [Fast Refresh] rebuilding @ http://127.0.0.1:3000/_next/static/chunks/node_modules_next_dist_115brz8._.js:2431
[  935284ms] [ERROR] Failed to load resource: the server responded with a status of 500 (Internal Server Error) @ http://127.0.0.1:3000/protected/dashboard:0
[  935349ms] [INFO] %cDownload the React DevTools for a better development experience: https://react.dev/link/react-devtools font-weight:bold @ http://127.0.0.1:3000/_next/static/chunks/node_modules_react-dom_0bruynb._.js:15305
[  935393ms] Error: ./lib/fees/conventional-discounts.ts:476:5
Expected ident
  474 |     sortOrder: number;
  475 |   }>;
> 476 |     .from("student_conventional_discount_assignments")
      |     ^
  477 |     .select(
  478 |       "id, student_id, policy_id, academic_session_label, is_active, reason, notes, befor...
  479 |     )

Parsing ecmascript source code failed

Import traces:
  #1 [Server Component]:
    ./lib/fees/conventional-discounts.ts
    ./lib/fees/policy.ts
    ./components/admin/dashboard-shell.tsx
    ./app/protected/layout.tsx

  #2 [Server Component]:
    ./lib/fees/conventional-discounts.ts
    ./lib/students/data.ts
    ./lib/workbook/data.ts
    ./lib/dashboard/data.ts
    ./app/protected/dashboard/page.tsx


    at <unknown> (Error: ./lib/fees/conventional-discounts.ts:476:5)
    at Object.getCompilationErrors (file://D:\OneDrive - Veer Patta Public School\Documents\New project\veerpatta-fees-app\node_modules\next\dist\server\dev\hot-reloader-turbopack.js:1186:59)
    at DevBundlerService.getCompilationError (file://D:\OneDrive - Veer Patta Public School\Documents\New project\veerpatta-fees-app\node_modules\next\dist\server\lib\dev-bundler-service.js:44:55)
    at DevServer.getCompilationError (file://D:\OneDrive - Veer Patta Public School\Documents\New project\veerpatta-fees-app\node_modules\next\dist\server\dev\next-dev-server.js:719:42)
    at DevServer.findPageComponents (file://D:\OneDrive - Veer Patta Public School\Documents\New project\veerpatta-fees-app\node_modules\next\dist\server\dev\next-dev-server.js:689:43)
    at async DevServer.renderErrorToResponseImpl (file://D:\OneDrive - Veer Patta Public School\Documents\New project\veerpatta-fees-app\node_modules\next\dist\server\base-server.js:1745:26)
[  935394ms] [LOG] [HMR] connected @ http://127.0.0.1:3000/_next/static/chunks/node_modules_next_dist_0u_w_5s._.js:1226
[  935397ms] [ERROR] ./lib/fees/conventional-discounts.ts:476:5
Expected ident
  474 |     sortOrder: number;
  475 |   }>;
> 476 |     .from("student_conventional_discount_assignments")
      |     ^
  477 |     .select(
  478 |       "id, student_id, policy_id, academic_session_label, is_active, reason, notes, befor...
  479 |     )

Parsing ecmascript source code failed

Import traces:
  #1 [Server Component]:
    ./lib/fees/conventional-discounts.ts
    ./lib/fees/policy.ts
    ./components/admin/dashboard-shell.tsx
    ./app/protected/layout.tsx

  #2 [Server Component]:
    ./lib/fees/conventional-discounts.ts
    ./lib/students/data.ts
    ./lib/workbook/data.ts
    ./lib/dashboard/data.ts
    ./app/protected/dashboard/page.tsx @ http://127.0.0.1:3000/_next/static/chunks/node_modules_next_dist_0u_w_5s._.js:1945
[  935397ms] [ERROR] ./lib/fees/conventional-discounts.ts:476:5
Expected ident
  474 |     sortOrder: number;
  475 |   }>;
> 476 |     .from("student_conventional_discount_assignments")
      |     ^
  477 |     .select(
  478 |       "id, student_id, policy_id, academic_session_label, is_active, reason, notes, befor...
  479 |     )

Parsing ecmascript source code failed

Import traces:
  #1 [Server Component]:
    ./lib/fees/conventional-discounts.ts
    ./lib/students/data.ts
    ./app/protected/students/page.tsx

  #2 [Server Component]:
    ./lib/fees/conventional-discounts.ts
    ./lib/fees/policy.ts
    ./components/admin/dashboard-shell.tsx
    ./app/protected/layout.tsx @ http://127.0.0.1:3000/_next/static/chunks/node_modules_next_dist_0u_w_5s._.js:1945
[  935397ms] [ERROR] ./lib/fees/conventional-discounts.ts:476:5
Expected ident
  474 |     sortOrder: number;
  475 |   }>;
> 476 |     .from("student_conventional_discount_assignments")
      |     ^
  477 |     .select(
  478 |       "id, student_id, policy_id, academic_session_label, is_active, reason, notes, befor...
  479 |     )

Parsing ecmascript source code failed

Import traces:
  #1 [Server Component]:
    ./lib/fees/conventional-discounts.ts
    ./lib/students/data.ts
    ./app/protected/transactions/page.tsx

  #2 [Server Component]:
    ./lib/fees/conventional-discounts.ts
    ./lib/fees/policy.ts
    ./components/admin/dashboard-shell.tsx
    ./app/protected/layout.tsx @ http://127.0.0.1:3000/_next/static/chunks/node_modules_next_dist_0u_w_5s._.js:1945
[  935397ms] [ERROR] ./lib/fees/conventional-discounts.ts:476:5
Expected ident
  474 |     sortOrder: number;
  475 |   }>;
> 476 |     .from("student_conventional_discount_assignments")
      |     ^
  477 |     .select(
  478 |       "id, student_id, policy_id, academic_session_label, is_active, reason, notes, befor...
  479 |     )

Parsing ecmascript source code failed

Import traces:
  #1 [Server Component]:
    ./lib/fees/conventional-discounts.ts
    ./lib/students/data.ts
    ./app/protected/students/[studentId]/page.tsx

  #2 [Server Component]:
    ./lib/fees/conventional-discounts.ts
    ./lib/fees/policy.ts
    ./components/admin/dashboard-shell.tsx
    ./app/protected/layout.tsx @ http://127.0.0.1:3000/_next/static/chunks/node_modules_next_dist_0u_w_5s._.js:1945
[  935397ms] [ERROR] ./lib/fees/conventional-discounts.ts:476:5
Expected ident
  474 |     sortOrder: number;
  475 |   }>;
> 476 |     .from("student_conventional_discount_assignments")
      |     ^
  477 |     .select(
  478 |       "id, student_id, policy_id, academic_session_label, is_active, reason, notes, befor...
  479 |     )

Parsing ecmascript source code failed

Import traces:
  #1 [Server Component]:
    ./lib/fees/conventional-discounts.ts
    ./lib/fees/policy.ts
    ./components/admin/dashboard-shell.tsx
    ./app/protected/layout.tsx

  #2 [Server Component]:
    ./lib/fees/conventional-discounts.ts
    ./lib/students/data.ts
    ./lib/payments/data.ts
    ./app/protected/payments/page.tsx @ http://127.0.0.1:3000/_next/static/chunks/node_modules_next_dist_0u_w_5s._.js:1945
[  935397ms] [ERROR] ./lib/fees/conventional-discounts.ts:476:5
Expected ident
  474 |     sortOrder: number;
  475 |   }>;
> 476 |     .from("student_conventional_discount_assignments")
      |     ^
  477 |     .select(
  478 |       "id, student_id, policy_id, academic_session_label, is_active, reason, notes, befor...
  479 |     )

Parsing ecmascript source code failed

Import trace:
  Server Component:
    ./lib/fees/conventional-discounts.ts
    ./lib/fees/policy.ts
    ./components/admin/dashboard-shell.tsx
    ./app/protected/layout.tsx @ http://127.0.0.1:3000/_next/static/chunks/node_modules_next_dist_0u_w_5s._.js:1945
[  935461ms] [ERROR] ./lib/fees/conventional-discounts.ts:476:5
Expected ident
  474 |     sortOrder: number;
  475 |   }>;
> 476 |     .from("student_conventional_discount_assignments")
      |     ^
  477 |     .select(
  478 |       "id, student_id, policy_id, academic_session_label, is_active, reason, notes, befor...
  479 |     )

Parsing ecmascript source code failed

Import traces:
  #1 [Server Component]:
    ./lib/fees/conventional-discounts.ts
    ./lib/fees/policy.ts
    ./components/admin/dashboard-shell.tsx
    ./app/protected/layout.tsx

  #2 [Server Component]:
    ./lib/fees/conventional-discounts.ts
    ./lib/students/data.ts
    ./lib/workbook/data.ts
    ./lib/dashboard/data.ts
    ./app/protected/dashboard/page.tsx @ http://127.0.0.1:3000/_next/static/chunks/node_modules_next_dist_0u_w_5s._.js:1945
[  935500ms] [LOG] [Fast Refresh] rebuilding @ http://127.0.0.1:3000/_next/static/chunks/node_modules_next_dist_0u_w_5s._.js:1226
[ 1002083ms] [LOG] [Fast Refresh] rebuilding @ http://127.0.0.1:3000/_next/static/chunks/node_modules_next_dist_0u_w_5s._.js:1226
[ 1003804ms] [LOG] [Fast Refresh] done in 1832ms @ http://127.0.0.1:3000/_next/static/chunks/node_modules_next_dist_0u_w_5s._.js:1226
[ 1003973ms] [LOG] [Fast Refresh] rebuilding @ http://127.0.0.1:3000/_next/static/chunks/node_modules_next_dist_0u_w_5s._.js:1226
[ 1003988ms] [LOG] [Fast Refresh] done in 118ms @ http://127.0.0.1:3000/_next/static/chunks/node_modules_next_dist_0u_w_5s._.js:1226
[ 1005094ms] [LOG] [Fast Refresh] rebuilding @ http://127.0.0.1:3000/_next/static/chunks/node_modules_next_dist_0u_w_5s._.js:1226
[ 1005270ms] [LOG] [Fast Refresh] done in 279ms @ http://127.0.0.1:3000/_next/static/chunks/node_modules_next_dist_0u_w_5s._.js:1226
[ 1005351ms] [INFO] %cDownload the React DevTools for a better development experience: https://react.dev/link/react-devtools font-weight:bold @ http://127.0.0.1:3000/_next/static/chunks/node_modules_next_dist_115brz8._.js:2431
[ 1005415ms] [LOG] [HMR] connected @ http://127.0.0.1:3000/_next/static/chunks/node_modules_next_dist_115brz8._.js:2431
[ 1117926ms] [LOG] [Fast Refresh] rebuilding @ http://127.0.0.1:3000/_next/static/chunks/node_modules_next_dist_115brz8._.js:2431
[ 1117962ms] [LOG] [Fast Refresh] done in 147ms @ http://127.0.0.1:3000/_next/static/chunks/node_modules_next_dist_115brz8._.js:2431
[ 1203998ms] [INFO] %cDownload the React DevTools for a better development experience: https://react.dev/link/react-devtools font-weight:bold @ http://127.0.0.1:3000/_next/static/chunks/node_modules_next_dist_115brz8._.js:2431
[ 1204018ms] [LOG] [HMR] connected @ http://127.0.0.1:3000/_next/static/chunks/node_modules_next_dist_115brz8._.js:2431
[ 1771533ms] [LOG] [Fast Refresh] rebuilding @ http://127.0.0.1:3000/_next/static/chunks/node_modules_next_dist_115brz8._.js:2431
[ 1771955ms] [LOG] [Fast Refresh] done in 531ms @ http://127.0.0.1:3000/_next/static/chunks/node_modules_next_dist_115brz8._.js:2431
[ 1771990ms] [WARNING] Detected `scroll-behavior: smooth` on the `<html>` element. To disable smooth scrolling during route transitions, add `data-scroll-behavior="smooth"` to your <html> element. Learn more: https://nextjs.org/docs/messages/missing-data-scroll-behavior @ http://127.0.0.1:3000/_next/static/chunks/node_modules_next_dist_115brz8._.js:2431
