[     154ms] [WARNING] The value "1maximum-scale" for key "initial-scale" was truncated to its numeric prefix. @ https://www.app.aisensy.com/projects/6919fcc9dcce0f0d43a2567f/manage/canned-message:0
[     154ms] [WARNING] The key "1" is not recognized and ignored. @ https://www.app.aisensy.com/projects/6919fcc9dcce0f0d43a2567f/manage/canned-message:0
[     239ms] [LOG] 
                         _                          _       _   _
                        | |                        | |     | | (_)
  __ _  ___   ___   __ _| | ___    __ _ _ __   __ _| |_   _| |_ _  ___ ___
 / _` |/ _ \ / _ \ / _` | |/ _ \  / _` | '_ \ / _` | | | | | __| |/ __/ __|
| (_| | (_) | (_) | (_| | |  __/ | (_| | | | | (_| | | |_| | |_| | (__\__ \
 \__, |\___/ \___/ \__, |_|\___|  \__,_|_| |_|\__,_|_|\__, |\__|_|\___|___/
  __/ |             __/ |                              __/ |
 |___/             |___/                              |___/
 @ https://www.google-analytics.com/u/analytics_debug.js:48
[     239ms] [WARNING] Running analytics_debug.js. This script is intended for testing and debugging only. @ https://www.google-analytics.com/u/analytics_debug.js:48
[     239ms] [INFO] Creating new tracker: gtm4 @ https://www.google-analytics.com/u/analytics_debug.js:48
[     242ms] [INFO] Auto cookieDomain found: "aisensy.com" @ https://www.google-analytics.com/u/analytics_debug.js:48
[     243ms] [INFO] Plugin "linker" intialized on tracker "gtm4". @ https://www.google-analytics.com/u/analytics_debug.js:48
[     244ms] [INFO] Setting throttling cookie: "_gat_UA-202972885-1" @ https://www.google-analytics.com/u/analytics_debug.js:48
[     244ms] [INFO] 
Sent beacon:
v=1&_v=j102d&a=944374217&t=pageview&_s=1&dl=https%3A%2F%2Fwww.app.aisensy.com%2Fprojects%2F6919fcc9dcce0f0d43a2567f%2Fmanage%2Fcanned-message&ul=en-us&sr=1366x768&vp=1366x641&_u=QCCACEABBAAAACAAI~&jid=268236933&gjid=1433198084&cid=1247690549.1778831776&tid=UA-202972885-1&_gid=1704848281.1778831777&_r=1&_slc=1&gtm=45He65d0n81NRR25F8v848835053za200zd848835053&gcd=13l3l3l3l1l1&dma=0&tag_exp=0~115938465~115938469&z=486589110

 @ https://www.google-analytics.com/u/analytics_debug.js:48
[     245ms] [INFO] <unknown>        (&dma)     0 @ https://www.google-analytics.com/u/analytics_debug.js:48
[     245ms] [INFO] <unknown>        (&gcd)     13l3l3l3l1l1 @ https://www.google-analytics.com/u/analytics_debug.js:48
[     245ms] [INFO] <unknown>        (&gtm)     45He65d0n81NRR25F8v848835053za200zd848835053 @ https://www.google-analytics.com/u/analytics_debug.js:48
[     245ms] [INFO] <unknown>        (&tag_exp) 0~115938465~115938469 @ https://www.google-analytics.com/u/analytics_debug.js:48
[     245ms] [INFO] _j1              (&jid)     268236933 @ https://www.google-analytics.com/u/analytics_debug.js:48
[     245ms] [INFO] _j2              (&gjid)    1433198084 @ https://www.google-analytics.com/u/analytics_debug.js:48
[     245ms] [INFO] adSenseId        (&a)       944374217 @ https://www.google-analytics.com/u/analytics_debug.js:48
[     245ms] [INFO] apiVersion       (&v)       1 @ https://www.google-analytics.com/u/analytics_debug.js:48
[     245ms] [INFO] clientId         (&cid)     1247690549.1778831776 @ https://www.google-analytics.com/u/analytics_debug.js:48
[     245ms] [INFO] hitType          (&t)       pageview @ https://www.google-analytics.com/u/analytics_debug.js:48
[     245ms] [INFO] language         (&ul)      en-us @ https://www.google-analytics.com/u/analytics_debug.js:48
[     245ms] [INFO] location         (&dl)      https://www.app.aisensy.com/projects/6919fcc9dcce0f0d43a2567f/manage/canned-message @ https://www.google-analytics.com/u/analytics_debug.js:48
[     245ms] [INFO] screenResolution (&sr)      1366x768 @ https://www.google-analytics.com/u/analytics_debug.js:48
[     246ms] [INFO] trackingId       (&tid)     UA-202972885-1 @ https://www.google-analytics.com/u/analytics_debug.js:48
[     246ms] [INFO] viewportSize     (&vp)      1366x641 @ https://www.google-analytics.com/u/analytics_debug.js:48
[     246ms] [INFO] Registered new plugin: ga(provide, "render", Function) @ https://www.google-analytics.com/u/analytics_debug.js:48
[     281ms] [WARNING] [Meta Pixel] - Duplicate Pixel ID: 255162156131712. @ https://connect.facebook.net/en_US/fbevents.js:181
[   18329ms] [LOG] route {id: dashboard, name: Dashboard, to: /dashboard, component: Object, icon: Object} @ https://www.app.aisensy.com/static/js/main.f74f339c.js:1
[   18329ms] [LOG] route {id: liveChat, name: Live Chat, to: /live, component: Object, icon: Object} @ https://www.app.aisensy.com/static/js/main.f74f339c.js:1
[   18329ms] [LOG] route {id: history, name: History, to: /history, component: Object, icon: Object} @ https://www.app.aisensy.com/static/js/main.f74f339c.js:1
[   18329ms] [LOG] route {id: contacts, name: Contacts, to: /contacts, component: Object, icon: Object} @ https://www.app.aisensy.com/static/js/main.f74f339c.js:1
[   18329ms] [LOG] route {id: templateMessage, name: Template Message, to: /template-message, component: Object, icon: Object} @ https://www.app.aisensy.com/static/js/main.f74f339c.js:1
[   18329ms] [LOG] route {id: optinManagement, name: Optin Management, to: /optout, component: Object, icon: Object} @ https://www.app.aisensy.com/static/js/main.f74f339c.js:1
[   18329ms] [LOG] route {id: liveChatSettings, name: Live Chat Settings, to: /chat-settings, component: Object, icon: Object} @ https://www.app.aisensy.com/static/js/main.f74f339c.js:1
[   18329ms] [LOG] route {id: campaignSettings, name: Campaign Settings, to: /campaign-settings, component: Object, icon: Object} @ https://www.app.aisensy.com/static/js/main.f74f339c.js:1
[   18329ms] [LOG] route {id: userAttributes, name: User Attributes, to: /user-attributes, component: Object, icon: Object} @ https://www.app.aisensy.com/static/js/main.f74f339c.js:1
[   18329ms] [LOG] route {id: cannedMessage, name: Canned Message, to: /canned-message, component: Object, icon: Object} @ https://www.app.aisensy.com/static/js/main.f74f339c.js:1
[   18329ms] [LOG] route {id: agents, name: Agents, to: /agents, component: Object, icon: Object} @ https://www.app.aisensy.com/static/js/main.f74f339c.js:1
[   18329ms] [LOG] route {id: tags, name: Tags, to: /tags, component: Object, icon: Object} @ https://www.app.aisensy.com/static/js/main.f74f339c.js:1
[   18329ms] [LOG] route {id: campaigns, name: Campaigns, to: /campaigns, component: , icon: Object} @ https://www.app.aisensy.com/static/js/main.f74f339c.js:1
[   18329ms] [LOG] route {id: adsManagerLayout, name: Ads Manager, to: /advertisement, component: Object, icon: Object} @ https://www.app.aisensy.com/static/js/main.f74f339c.js:1
[   18330ms] [LOG] route {id: adsManagerMainPage, name: Ads Manager, to: /ads-manager, component: Object, icon: Object} @ https://www.app.aisensy.com/static/js/main.f74f339c.js:1
[   18330ms] [LOG] route {id: Event, name: Events, to: /events, component: Object, icon: Object} @ https://www.app.aisensy.com/static/js/main.f74f339c.js:1
[   18330ms] [LOG] route {id: EventDetails, name: Event Details, to: /events/:eventId, component: Object, icon: Object} @ https://www.app.aisensy.com/static/js/main.f74f339c.js:1
[   18330ms] [LOG] route {id: leads, name: Leads, to: /leads, component: Object, icon: Object} @ https://www.app.aisensy.com/static/js/main.f74f339c.js:1
[   18330ms] [LOG] route {id: audiences, name: Audiences, to: /audiences, component: Object, icon: Object} @ https://www.app.aisensy.com/static/js/main.f74f339c.js:1
[   18330ms] [LOG] route {id: setup, name: Setup, to: /setup, component: Object, icon: Object} @ https://www.app.aisensy.com/static/js/main.f74f339c.js:1
[   18330ms] [LOG] route {id: createAds, name: Create Ads, to: /create, component: Object, icon: Object} @ https://www.app.aisensy.com/static/js/main.f74f339c.js:1
[   18330ms] [LOG] route {id: editAds, name: Edit Ads, to: /edit/:adId, component: Object, icon: Object} @ https://www.app.aisensy.com/static/js/main.f74f339c.js:1
[   18330ms] [LOG] route {id: duplicateAds, name: Duplicate Ads, to: /duplicate/:adId, component: Object, icon: Object} @ https://www.app.aisensy.com/static/js/main.f74f339c.js:1
[   18330ms] [LOG] route {id: analytics, name: Analiytics, to: /:id/personal-analytics, component: Object, icon: Object} @ https://www.app.aisensy.com/static/js/main.f74f339c.js:1
[   18330ms] [LOG] route {id: flows, name: Flows, to: /flows, component: Object, icon: Object} @ https://www.app.aisensy.com/static/js/main.f74f339c.js:1
[   18330ms] [LOG] route {id: flowBuilder, name: Flow Builder, to: /flow-builder, component: Object, icon: Object} @ https://www.app.aisensy.com/static/js/main.f74f339c.js:1
[   18330ms] [LOG] route {id: globalAttributes, name: Global Attributes, to: /global-attributes, component: Object, icon: Object} @ https://www.app.aisensy.com/static/js/main.f74f339c.js:1
[   18330ms] [LOG] route {id: manageCatalogues, name: Manage Catalogues, to: /mnage-catalogues, component: Object, icon: Object} @ https://www.app.aisensy.com/static/js/main.f74f339c.js:1
[   18330ms] [LOG] route {id: products, name: Products, to: /products, component: Object, icon: Object} @ https://www.app.aisensy.com/static/js/main.f74f339c.js:1
[   18330ms] [LOG] route {id: connectCatalogue, name: Connect Catalogue, to: /connect-catalgue, component: Object, icon: Object} @ https://www.app.aisensy.com/static/js/main.f74f339c.js:1
[   18330ms] [LOG] route {id: flowBuilder, name: Flow-Builder, to: /flow-page/:flowId, component: Object, icon: Object} @ https://www.app.aisensy.com/static/js/main.f74f339c.js:1
[   18330ms] [LOG] route {id: waPay, name: WA Pay, to: /wa-pay, component: Object, icon: Object} @ https://www.app.aisensy.com/static/js/main.f74f339c.js:1
[   18330ms] [LOG] route {id: payments, name: Payments, to: /payments, component: Object, icon: Object} @ https://www.app.aisensy.com/static/js/main.f74f339c.js:1
[   18330ms] [LOG] route {id: setupMessages, name: Setup Messages, to: /setup-messages, component: , icon: Object} @ https://www.app.aisensy.com/static/js/main.f74f339c.js:1
[   18330ms] [LOG] route {id: settings, name: Settings, to: /settings, component: , icon: Object} @ https://www.app.aisensy.com/static/js/main.f74f339c.js:1
[   18330ms] [LOG] route {id: analyticsPage, name: Analytics, to: /analytics, component: Object, icon: Object} @ https://www.app.aisensy.com/static/js/main.f74f339c.js:1
[   18330ms] [LOG] route {id: developerHub, name: Developer Hub, to: /developer, component: , icon: Object} @ https://www.app.aisensy.com/static/js/main.f74f339c.js:1
[   18330ms] [LOG] route {id: billings, name: Billing & Usage, to: /billings, component: Object, icon: Object} @ https://www.app.aisensy.com/static/js/main.f74f339c.js:1
[   18330ms] [LOG] route {id: manage, name: Manage, to: /manage, component: Object, icon: Object} @ https://www.app.aisensy.com/static/js/main.f74f339c.js:1
[   18330ms] [LOG] route {id: integrations, name: Integrations, to: /integrations, component: Object, icon: Object} @ https://www.app.aisensy.com/static/js/main.f74f339c.js:1
[   18331ms] [LOG] route {id: discover, name: Discover, to: /appstore/discover, component: Object, icon: Object} @ https://www.app.aisensy.com/static/js/main.f74f339c.js:1
[   18331ms] [LOG] route {id: waPaySettings, name: WhatsApp Pay, to: /wa-pay/settings, component: Object, icon: Object} @ https://www.app.aisensy.com/static/js/main.f74f339c.js:1
[   18331ms] [LOG] route {id: storeSetup, name: Store Setup, to: /store-setup, component: Object, icon: Object} @ https://www.app.aisensy.com/static/js/main.f74f339c.js:1
[   18331ms] [LOG] route {id: notificationPreferences, name: Notification Preferences, to: /notification-preferences, component: Object, icon: Object} @ https://www.app.aisensy.com/static/js/main.f74f339c.js:1
[   18331ms] [LOG] route {id: dialogueflowIntegration, name: Dialogflow Integration, to: /dialogflow, component: Object, icon: Object} @ https://www.app.aisensy.com/static/js/main.f74f339c.js:1
[   18331ms] [LOG] route {id: appStore, name: App Store, to: /appstore/ecomdiscover, component: Object, icon: Object} @ https://www.app.aisensy.com/static/js/main.f74f339c.js:1
[   18376ms] [WARNING] The provided value 'stream' is not a valid enum value of type XMLHttpRequestResponseType. @ https://www.app.aisensy.com/static/js/main.f74f339c.js:1
[   18383ms] [LOG] ******** No tracking parameters @ https://www.app.aisensy.com/static/js/main.f74f339c.js:1
[   18409ms] [WARNING] Manifest: property 'start_url' ignored, URL is invalid. @ blob:https://www.app.aisensy.com/d3921a4d-3759-47c5-8927-fed670259364:0
[   18409ms] [WARNING] Manifest: property 'src' ignored, URL is invalid. @ blob:https://www.app.aisensy.com/d3921a4d-3759-47c5-8927-fed670259364:0
[   18409ms] [WARNING] Manifest: property 'src' ignored, URL is invalid. @ blob:https://www.app.aisensy.com/d3921a4d-3759-47c5-8927-fed670259364:0
[   18409ms] [WARNING] Manifest: property 'src' ignored, URL is invalid. @ blob:https://www.app.aisensy.com/d3921a4d-3759-47c5-8927-fed670259364:0
[   18426ms] ReferenceError: webengage_fs_configurationMap is not defined
    at t.onload (https://inz826171c3.in.webengage.co/storage-frame-1.13.htm?cdn=y&cbf=webengage-engagement-callback-frame&lc=in~826171c3:1:2858)
[   18628ms] [WARNING] [Intercom] Not initialized, cannot update attributes @ https://www.app.aisensy.com/static/js/main.f74f339c.js:1
[   18668ms] [LOG] socket connect @ https://www.app.aisensy.com/static/js/main.f74f339c.js:1
[   19044ms] [WARNING] LogRocket: Session quota exceeded. Please upgrade your plan. Disabling ... @ https://www.app.aisensy.com/static/js/main.f74f339c.js:1
[   19493ms] [INFO] Compiling or instantiating a WebAssembly module violates the following Content Security policy directive because 'unsafe-eval' is not an allowed source of script: "script-src 'nonce-RPyH3jrcqFHhkX3zxQu1ep6w' 'self' https://js.chargebee.com https://js1.chargebee.com https://cnstatic.devcb.in https://dgkxwewtzsnml.cloudfront.net https://go.referralcandy.com https://*.sentry-cdn.com https://hcaptcha.com https://*.hcaptcha.com https://cdn.pendo.io https://*.pendo.com data: https://*.google.com https://*.googleapis.com https://maps.googleapis.com https://google.com https://*.cardinalcommerce.com https://*.cardinaltrusted.com https://*.kaptcha.com https://*.salesflare.com https://*.paytmpayments.com https://core.spreedly.com https://www.paypalobjects.com https://www.paypal.com https://cdn.sift.com https://forms.finixpymnts.com https://cdn.mathjax.org https://js.cobrowse.io https://js.stripe.com https://assets.payfurl.com https://ebanx-js.ebanx.com https://connect.facebook.net 'sha256-jjMRnD48p+PyMPVGFijWfgSnkelbj/APH3uJacPuoB0=' 'sha256-5kvpNcCH36zRfzE9xhEm3430TJr9pqZRQNPw/JcNCAI=' 'sha256-0QF6XTN2zxURUBa+L8+AMfQzCALzVVwaW9xEOsMf/X0=' 'sha256-1e5RR2OpHhuX2h0Bat19DsNTmqbo4M3T1pqfeTXCHaA=' 'sha256-sNwJrI1ys8g8vRBMMn91qrdGGZ/g4YN5Ko0ti/yuNk8=' 'sha256-cFgMlKU09Tr4M0TzLaoHXoHqRlsSDP2JKUTVjBUsKwA=' 'sha256-6UjTMctmhk38SzYW5Wggf6yrdhprh/M0mTizwnEELl8=' 'sha256-b+mf6EIMFYxuAIdk6/2IF09zTUsJrlW6qZaw4opG6QU=' 'sha256-qlWkm8fetBd204B6qK6AnpRMW1ilEmMugM43R0MJINY=' 'sha256-idXcl/I72NrKqcrCjsjRVPVJBtjd2Y6PyKVx8W3ndjw=' 'sha256-iVfin/zxP7iUxfueU0JXFFnY/41IhM5gpR3ocB+ZrMY=' 'sha256-lHMfYllZf/q0E78OM3FGfdI9E1AFkt8jUPPZHT5eJNw=' 'sha256-42/foZPGaEBG0IpG0ime8VINAWcVs3CcZByMO183Cjw=' blob: https://aisensy.chargebeestaticv2.com http://js1.chargebeestatic.com/static/app-static-assets/hp/hp-9.4.9/ https://*.adyen.com https://*.payments-amazon.com https://*.paypal.com https://checkout.stripe.com https://connect-js.stripe.com https://*.stripecdn.com https://pay.google.com https://*.bluesnap.com https://*.razorpay.com". The policy is report-only, so the violation has been logged but no further action has been taken. @ https://js.chargebee.com/hcaptcha.js?onload=hCaptchaOnLoad:3
[   19494ms] [INFO] Compiling or instantiating a WebAssembly module violates the following Content Security policy directive because 'unsafe-eval' is not an allowed source of script: "script-src 'nonce-RPyH3jrcqFHhkX3zxQu1ep6w' 'self' https://js.chargebee.com https://js1.chargebee.com https://cnstatic.devcb.in https://dgkxwewtzsnml.cloudfront.net https://go.referralcandy.com https://*.sentry-cdn.com https://hcaptcha.com https://*.hcaptcha.com https://cdn.pendo.io https://*.pendo.com data: https://*.google.com https://*.googleapis.com https://maps.googleapis.com https://google.com https://*.cardinalcommerce.com https://*.cardinaltrusted.com https://*.kaptcha.com https://*.salesflare.com https://*.paytmpayments.com https://core.spreedly.com https://www.paypalobjects.com https://www.paypal.com https://cdn.sift.com https://forms.finixpymnts.com https://cdn.mathjax.org https://js.cobrowse.io https://js.stripe.com https://assets.payfurl.com https://ebanx-js.ebanx.com https://connect.facebook.net 'sha256-jjMRnD48p+PyMPVGFijWfgSnkelbj/APH3uJacPuoB0=' 'sha256-5kvpNcCH36zRfzE9xhEm3430TJr9pqZRQNPw/JcNCAI=' 'sha256-0QF6XTN2zxURUBa+L8+AMfQzCALzVVwaW9xEOsMf/X0=' 'sha256-1e5RR2OpHhuX2h0Bat19DsNTmqbo4M3T1pqfeTXCHaA=' 'sha256-sNwJrI1ys8g8vRBMMn91qrdGGZ/g4YN5Ko0ti/yuNk8=' 'sha256-cFgMlKU09Tr4M0TzLaoHXoHqRlsSDP2JKUTVjBUsKwA=' 'sha256-6UjTMctmhk38SzYW5Wggf6yrdhprh/M0mTizwnEELl8=' 'sha256-b+mf6EIMFYxuAIdk6/2IF09zTUsJrlW6qZaw4opG6QU=' 'sha256-qlWkm8fetBd204B6qK6AnpRMW1ilEmMugM43R0MJINY=' 'sha256-idXcl/I72NrKqcrCjsjRVPVJBtjd2Y6PyKVx8W3ndjw=' 'sha256-iVfin/zxP7iUxfueU0JXFFnY/41IhM5gpR3ocB+ZrMY=' 'sha256-lHMfYllZf/q0E78OM3FGfdI9E1AFkt8jUPPZHT5eJNw=' 'sha256-42/foZPGaEBG0IpG0ime8VINAWcVs3CcZByMO183Cjw=' blob: https://aisensy.chargebeestaticv2.com http://js1.chargebeestatic.com/static/app-static-assets/hp/hp-9.4.9/ https://*.adyen.com https://*.payments-amazon.com https://*.paypal.com https://checkout.stripe.com https://connect-js.stripe.com https://*.stripecdn.com https://pay.google.com https://*.bluesnap.com https://*.razorpay.com". The policy is report-only, so the violation has been logged but no further action has been taken. @ https://js.chargebee.com/hcaptcha.js?onload=hCaptchaOnLoad:3
[   20106ms] [LOG] route {id: dashboard, name: Dashboard, to: /dashboard, component: Object, icon: Object} @ https://www.app.aisensy.com/static/js/main.f74f339c.js:1
[   20106ms] [LOG] route {id: liveChat, name: Live Chat, to: /live, component: Object, icon: Object} @ https://www.app.aisensy.com/static/js/main.f74f339c.js:1
[   20106ms] [LOG] route {id: history, name: History, to: /history, component: Object, icon: Object} @ https://www.app.aisensy.com/static/js/main.f74f339c.js:1
[   20106ms] [LOG] route {id: contacts, name: Contacts, to: /contacts, component: Object, icon: Object} @ https://www.app.aisensy.com/static/js/main.f74f339c.js:1
[   20106ms] [LOG] route {id: templateMessage, name: Template Message, to: /template-message, component: Object, icon: Object} @ https://www.app.aisensy.com/static/js/main.f74f339c.js:1
[   20106ms] [LOG] route {id: optinManagement, name: Optin Management, to: /optout, component: Object, icon: Object} @ https://www.app.aisensy.com/static/js/main.f74f339c.js:1
[   20106ms] [LOG] route {id: liveChatSettings, name: Live Chat Settings, to: /chat-settings, component: Object, icon: Object} @ https://www.app.aisensy.com/static/js/main.f74f339c.js:1
[   20106ms] [LOG] route {id: campaignSettings, name: Campaign Settings, to: /campaign-settings, component: Object, icon: Object} @ https://www.app.aisensy.com/static/js/main.f74f339c.js:1
[   20107ms] [LOG] route {id: userAttributes, name: User Attributes, to: /user-attributes, component: Object, icon: Object} @ https://www.app.aisensy.com/static/js/main.f74f339c.js:1
[   20107ms] [LOG] route {id: cannedMessage, name: Canned Message, to: /canned-message, component: Object, icon: Object} @ https://www.app.aisensy.com/static/js/main.f74f339c.js:1
[   20107ms] [LOG] route {id: agents, name: Agents, to: /agents, component: Object, icon: Object} @ https://www.app.aisensy.com/static/js/main.f74f339c.js:1
[   20107ms] [LOG] route {id: tags, name: Tags, to: /tags, component: Object, icon: Object} @ https://www.app.aisensy.com/static/js/main.f74f339c.js:1
[   20107ms] [LOG] route {id: campaigns, name: Campaigns, to: /campaigns, component: , icon: Object} @ https://www.app.aisensy.com/static/js/main.f74f339c.js:1
[   20107ms] [LOG] route {id: adsManagerLayout, name: Ads Manager, to: /advertisement, component: Object, icon: Object} @ https://www.app.aisensy.com/static/js/main.f74f339c.js:1
[   20107ms] [LOG] route {id: adsManagerMainPage, name: Ads Manager, to: /ads-manager, component: Object, icon: Object} @ https://www.app.aisensy.com/static/js/main.f74f339c.js:1
[   20107ms] [LOG] route {id: Event, name: Events, to: /events, component: Object, icon: Object} @ https://www.app.aisensy.com/static/js/main.f74f339c.js:1
[   20107ms] [LOG] route {id: EventDetails, name: Event Details, to: /events/:eventId, component: Object, icon: Object} @ https://www.app.aisensy.com/static/js/main.f74f339c.js:1
[   20107ms] [LOG] route {id: leads, name: Leads, to: /leads, component: Object, icon: Object} @ https://www.app.aisensy.com/static/js/main.f74f339c.js:1
[   20107ms] [LOG] route {id: audiences, name: Audiences, to: /audiences, component: Object, icon: Object} @ https://www.app.aisensy.com/static/js/main.f74f339c.js:1
[   20107ms] [LOG] route {id: setup, name: Setup, to: /setup, component: Object, icon: Object} @ https://www.app.aisensy.com/static/js/main.f74f339c.js:1
[   20107ms] [LOG] route {id: createAds, name: Create Ads, to: /create, component: Object, icon: Object} @ https://www.app.aisensy.com/static/js/main.f74f339c.js:1
[   20107ms] [LOG] route {id: editAds, name: Edit Ads, to: /edit/:adId, component: Object, icon: Object} @ https://www.app.aisensy.com/static/js/main.f74f339c.js:1
[   20108ms] [LOG] route {id: duplicateAds, name: Duplicate Ads, to: /duplicate/:adId, component: Object, icon: Object} @ https://www.app.aisensy.com/static/js/main.f74f339c.js:1
[   20108ms] [LOG] route {id: analytics, name: Analiytics, to: /:id/personal-analytics, component: Object, icon: Object} @ https://www.app.aisensy.com/static/js/main.f74f339c.js:1
[   20108ms] [LOG] route {id: flows, name: Flows, to: /flows, component: Object, icon: Object} @ https://www.app.aisensy.com/static/js/main.f74f339c.js:1
[   20108ms] [LOG] route {id: flowBuilder, name: Flow Builder, to: /flow-builder, component: Object, icon: Object} @ https://www.app.aisensy.com/static/js/main.f74f339c.js:1
[   20108ms] [LOG] route {id: globalAttributes, name: Global Attributes, to: /global-attributes, component: Object, icon: Object} @ https://www.app.aisensy.com/static/js/main.f74f339c.js:1
[   20108ms] [LOG] route {id: manageCatalogues, name: Manage Catalogues, to: /mnage-catalogues, component: Object, icon: Object} @ https://www.app.aisensy.com/static/js/main.f74f339c.js:1
[   20108ms] [LOG] route {id: products, name: Products, to: /products, component: Object, icon: Object} @ https://www.app.aisensy.com/static/js/main.f74f339c.js:1
[   20108ms] [LOG] route {id: connectCatalogue, name: Connect Catalogue, to: /connect-catalgue, component: Object, icon: Object} @ https://www.app.aisensy.com/static/js/main.f74f339c.js:1
[   20108ms] [LOG] route {id: flowBuilder, name: Flow-Builder, to: /flow-page/:flowId, component: Object, icon: Object} @ https://www.app.aisensy.com/static/js/main.f74f339c.js:1
[   20108ms] [LOG] route {id: waPay, name: WA Pay, to: /wa-pay, component: Object, icon: Object} @ https://www.app.aisensy.com/static/js/main.f74f339c.js:1
[   20108ms] [LOG] route {id: payments, name: Payments, to: /payments, component: Object, icon: Object} @ https://www.app.aisensy.com/static/js/main.f74f339c.js:1
[   20108ms] [LOG] route {id: setupMessages, name: Setup Messages, to: /setup-messages, component: , icon: Object} @ https://www.app.aisensy.com/static/js/main.f74f339c.js:1
[   20108ms] [LOG] route {id: settings, name: Settings, to: /settings, component: , icon: Object} @ https://www.app.aisensy.com/static/js/main.f74f339c.js:1
[   20109ms] [LOG] route {id: analyticsPage, name: Analytics, to: /analytics, component: Object, icon: Object} @ https://www.app.aisensy.com/static/js/main.f74f339c.js:1
[   20109ms] [LOG] route {id: developerHub, name: Developer Hub, to: /developer, component: , icon: Object} @ https://www.app.aisensy.com/static/js/main.f74f339c.js:1
[   20109ms] [LOG] route {id: billings, name: Billing & Usage, to: /billings, component: Object, icon: Object} @ https://www.app.aisensy.com/static/js/main.f74f339c.js:1
[   20109ms] [LOG] route {id: manage, name: Manage, to: /manage, component: Object, icon: Object} @ https://www.app.aisensy.com/static/js/main.f74f339c.js:1
[   20109ms] [LOG] route {id: integrations, name: Integrations, to: /integrations, component: Object, icon: Object} @ https://www.app.aisensy.com/static/js/main.f74f339c.js:1
[   20109ms] [LOG] route {id: discover, name: Discover, to: /appstore/discover, component: Object, icon: Object} @ https://www.app.aisensy.com/static/js/main.f74f339c.js:1
[   20109ms] [LOG] route {id: waPaySettings, name: WhatsApp Pay, to: /wa-pay/settings, component: Object, icon: Object} @ https://www.app.aisensy.com/static/js/main.f74f339c.js:1
[   20109ms] [LOG] route {id: storeSetup, name: Store Setup, to: /store-setup, component: Object, icon: Object} @ https://www.app.aisensy.com/static/js/main.f74f339c.js:1
[   20109ms] [LOG] route {id: notificationPreferences, name: Notification Preferences, to: /notification-preferences, component: Object, icon: Object} @ https://www.app.aisensy.com/static/js/main.f74f339c.js:1
[   20109ms] [LOG] route {id: dialogueflowIntegration, name: Dialogflow Integration, to: /dialogflow, component: Object, icon: Object} @ https://www.app.aisensy.com/static/js/main.f74f339c.js:1
[   20109ms] [LOG] route {id: appStore, name: App Store, to: /appstore/ecomdiscover, component: Object, icon: Object} @ https://www.app.aisensy.com/static/js/main.f74f339c.js:1
[   20143ms] [LOG] route {id: dashboard, name: Dashboard, to: /dashboard, component: Object, icon: Object} @ https://www.app.aisensy.com/static/js/main.f74f339c.js:1
[   20144ms] [LOG] route {id: liveChat, name: Live Chat, to: /live, component: Object, icon: Object} @ https://www.app.aisensy.com/static/js/main.f74f339c.js:1
[   20144ms] [LOG] route {id: history, name: History, to: /history, component: Object, icon: Object} @ https://www.app.aisensy.com/static/js/main.f74f339c.js:1
[   20144ms] [LOG] route {id: contacts, name: Contacts, to: /contacts, component: Object, icon: Object} @ https://www.app.aisensy.com/static/js/main.f74f339c.js:1
[   20144ms] [LOG] route {id: templateMessage, name: Template Message, to: /template-message, component: Object, icon: Object} @ https://www.app.aisensy.com/static/js/main.f74f339c.js:1
[   20144ms] [LOG] route {id: optinManagement, name: Optin Management, to: /optout, component: Object, icon: Object} @ https://www.app.aisensy.com/static/js/main.f74f339c.js:1
[   20144ms] [LOG] route {id: liveChatSettings, name: Live Chat Settings, to: /chat-settings, component: Object, icon: Object} @ https://www.app.aisensy.com/static/js/main.f74f339c.js:1
[   20144ms] [LOG] route {id: campaignSettings, name: Campaign Settings, to: /campaign-settings, component: Object, icon: Object} @ https://www.app.aisensy.com/static/js/main.f74f339c.js:1
[   20144ms] [LOG] route {id: userAttributes, name: User Attributes, to: /user-attributes, component: Object, icon: Object} @ https://www.app.aisensy.com/static/js/main.f74f339c.js:1
[   20144ms] [LOG] route {id: cannedMessage, name: Canned Message, to: /canned-message, component: Object, icon: Object} @ https://www.app.aisensy.com/static/js/main.f74f339c.js:1
[   20144ms] [LOG] route {id: agents, name: Agents, to: /agents, component: Object, icon: Object} @ https://www.app.aisensy.com/static/js/main.f74f339c.js:1
[   20144ms] [LOG] route {id: tags, name: Tags, to: /tags, component: Object, icon: Object} @ https://www.app.aisensy.com/static/js/main.f74f339c.js:1
[   20144ms] [LOG] route {id: campaigns, name: Campaigns, to: /campaigns, component: , icon: Object} @ https://www.app.aisensy.com/static/js/main.f74f339c.js:1
[   20145ms] [LOG] route {id: adsManagerLayout, name: Ads Manager, to: /advertisement, component: Object, icon: Object} @ https://www.app.aisensy.com/static/js/main.f74f339c.js:1
[   20145ms] [LOG] route {id: adsManagerMainPage, name: Ads Manager, to: /ads-manager, component: Object, icon: Object} @ https://www.app.aisensy.com/static/js/main.f74f339c.js:1
[   20145ms] [LOG] route {id: Event, name: Events, to: /events, component: Object, icon: Object} @ https://www.app.aisensy.com/static/js/main.f74f339c.js:1
[   20145ms] [LOG] route {id: EventDetails, name: Event Details, to: /events/:eventId, component: Object, icon: Object} @ https://www.app.aisensy.com/static/js/main.f74f339c.js:1
[   20145ms] [LOG] route {id: leads, name: Leads, to: /leads, component: Object, icon: Object} @ https://www.app.aisensy.com/static/js/main.f74f339c.js:1
[   20145ms] [LOG] route {id: audiences, name: Audiences, to: /audiences, component: Object, icon: Object} @ https://www.app.aisensy.com/static/js/main.f74f339c.js:1
[   20145ms] [LOG] route {id: setup, name: Setup, to: /setup, component: Object, icon: Object} @ https://www.app.aisensy.com/static/js/main.f74f339c.js:1
[   20145ms] [LOG] route {id: createAds, name: Create Ads, to: /create, component: Object, icon: Object} @ https://www.app.aisensy.com/static/js/main.f74f339c.js:1
[   20145ms] [LOG] route {id: editAds, name: Edit Ads, to: /edit/:adId, component: Object, icon: Object} @ https://www.app.aisensy.com/static/js/main.f74f339c.js:1
[   20145ms] [LOG] route {id: duplicateAds, name: Duplicate Ads, to: /duplicate/:adId, component: Object, icon: Object} @ https://www.app.aisensy.com/static/js/main.f74f339c.js:1
[   20145ms] [LOG] route {id: analytics, name: Analiytics, to: /:id/personal-analytics, component: Object, icon: Object} @ https://www.app.aisensy.com/static/js/main.f74f339c.js:1
[   20146ms] [LOG] route {id: flows, name: Flows, to: /flows, component: Object, icon: Object} @ https://www.app.aisensy.com/static/js/main.f74f339c.js:1
[   20146ms] [LOG] route {id: flowBuilder, name: Flow Builder, to: /flow-builder, component: Object, icon: Object} @ https://www.app.aisensy.com/static/js/main.f74f339c.js:1
[   20146ms] [LOG] route {id: globalAttributes, name: Global Attributes, to: /global-attributes, component: Object, icon: Object} @ https://www.app.aisensy.com/static/js/main.f74f339c.js:1
[   20146ms] [LOG] route {id: manageCatalogues, name: Manage Catalogues, to: /mnage-catalogues, component: Object, icon: Object} @ https://www.app.aisensy.com/static/js/main.f74f339c.js:1
[   20146ms] [LOG] route {id: products, name: Products, to: /products, component: Object, icon: Object} @ https://www.app.aisensy.com/static/js/main.f74f339c.js:1
[   20146ms] [LOG] route {id: connectCatalogue, name: Connect Catalogue, to: /connect-catalgue, component: Object, icon: Object} @ https://www.app.aisensy.com/static/js/main.f74f339c.js:1
[   20146ms] [LOG] route {id: flowBuilder, name: Flow-Builder, to: /flow-page/:flowId, component: Object, icon: Object} @ https://www.app.aisensy.com/static/js/main.f74f339c.js:1
[   20146ms] [LOG] route {id: waPay, name: WA Pay, to: /wa-pay, component: Object, icon: Object} @ https://www.app.aisensy.com/static/js/main.f74f339c.js:1
[   20146ms] [LOG] route {id: payments, name: Payments, to: /payments, component: Object, icon: Object} @ https://www.app.aisensy.com/static/js/main.f74f339c.js:1
[   20146ms] [LOG] route {id: setupMessages, name: Setup Messages, to: /setup-messages, component: , icon: Object} @ https://www.app.aisensy.com/static/js/main.f74f339c.js:1
[   20146ms] [LOG] route {id: settings, name: Settings, to: /settings, component: , icon: Object} @ https://www.app.aisensy.com/static/js/main.f74f339c.js:1
[   20146ms] [LOG] route {id: analyticsPage, name: Analytics, to: /analytics, component: Object, icon: Object} @ https://www.app.aisensy.com/static/js/main.f74f339c.js:1
[   20147ms] [LOG] route {id: developerHub, name: Developer Hub, to: /developer, component: , icon: Object} @ https://www.app.aisensy.com/static/js/main.f74f339c.js:1
[   20147ms] [LOG] route {id: billings, name: Billing & Usage, to: /billings, component: Object, icon: Object} @ https://www.app.aisensy.com/static/js/main.f74f339c.js:1
[   20147ms] [LOG] route {id: manage, name: Manage, to: /manage, component: Object, icon: Object} @ https://www.app.aisensy.com/static/js/main.f74f339c.js:1
[   20147ms] [LOG] route {id: integrations, name: Integrations, to: /integrations, component: Object, icon: Object} @ https://www.app.aisensy.com/static/js/main.f74f339c.js:1
[   20147ms] [LOG] route {id: discover, name: Discover, to: /appstore/discover, component: Object, icon: Object} @ https://www.app.aisensy.com/static/js/main.f74f339c.js:1
[   20147ms] [LOG] route {id: waPaySettings, name: WhatsApp Pay, to: /wa-pay/settings, component: Object, icon: Object} @ https://www.app.aisensy.com/static/js/main.f74f339c.js:1
[   20147ms] [LOG] route {id: storeSetup, name: Store Setup, to: /store-setup, component: Object, icon: Object} @ https://www.app.aisensy.com/static/js/main.f74f339c.js:1
[   20147ms] [LOG] route {id: notificationPreferences, name: Notification Preferences, to: /notification-preferences, component: Object, icon: Object} @ https://www.app.aisensy.com/static/js/main.f74f339c.js:1
[   20147ms] [LOG] route {id: dialogueflowIntegration, name: Dialogflow Integration, to: /dialogflow, component: Object, icon: Object} @ https://www.app.aisensy.com/static/js/main.f74f339c.js:1
[   20147ms] [LOG] route {id: appStore, name: App Store, to: /appstore/ecomdiscover, component: Object, icon: Object} @ https://www.app.aisensy.com/static/js/main.f74f339c.js:1
[   20258ms] [LOG] route {id: dashboard, name: Dashboard, to: /dashboard, component: Object, icon: Object} @ https://www.app.aisensy.com/static/js/main.f74f339c.js:1
[   20258ms] [LOG] route {id: liveChat, name: Live Chat, to: /live, component: Object, icon: Object} @ https://www.app.aisensy.com/static/js/main.f74f339c.js:1
[   20258ms] [LOG] route {id: history, name: History, to: /history, component: Object, icon: Object} @ https://www.app.aisensy.com/static/js/main.f74f339c.js:1
[   20258ms] [LOG] route {id: contacts, name: Contacts, to: /contacts, component: Object, icon: Object} @ https://www.app.aisensy.com/static/js/main.f74f339c.js:1
[   20258ms] [LOG] route {id: templateMessage, name: Template Message, to: /template-message, component: Object, icon: Object} @ https://www.app.aisensy.com/static/js/main.f74f339c.js:1
[   20258ms] [LOG] route {id: optinManagement, name: Optin Management, to: /optout, component: Object, icon: Object} @ https://www.app.aisensy.com/static/js/main.f74f339c.js:1
[   20259ms] [LOG] route {id: liveChatSettings, name: Live Chat Settings, to: /chat-settings, component: Object, icon: Object} @ https://www.app.aisensy.com/static/js/main.f74f339c.js:1
[   20259ms] [LOG] route {id: campaignSettings, name: Campaign Settings, to: /campaign-settings, component: Object, icon: Object} @ https://www.app.aisensy.com/static/js/main.f74f339c.js:1
[   20259ms] [LOG] route {id: userAttributes, name: User Attributes, to: /user-attributes, component: Object, icon: Object} @ https://www.app.aisensy.com/static/js/main.f74f339c.js:1
[   20259ms] [LOG] route {id: cannedMessage, name: Canned Message, to: /canned-message, component: Object, icon: Object} @ https://www.app.aisensy.com/static/js/main.f74f339c.js:1
[   20259ms] [LOG] route {id: agents, name: Agents, to: /agents, component: Object, icon: Object} @ https://www.app.aisensy.com/static/js/main.f74f339c.js:1
[   20259ms] [LOG] route {id: tags, name: Tags, to: /tags, component: Object, icon: Object} @ https://www.app.aisensy.com/static/js/main.f74f339c.js:1
[   20259ms] [LOG] route {id: campaigns, name: Campaigns, to: /campaigns, component: , icon: Object} @ https://www.app.aisensy.com/static/js/main.f74f339c.js:1
[   20259ms] [LOG] route {id: adsManagerLayout, name: Ads Manager, to: /advertisement, component: Object, icon: Object} @ https://www.app.aisensy.com/static/js/main.f74f339c.js:1
[   20259ms] [LOG] route {id: adsManagerMainPage, name: Ads Manager, to: /ads-manager, component: Object, icon: Object} @ https://www.app.aisensy.com/static/js/main.f74f339c.js:1
[   20259ms] [LOG] route {id: Event, name: Events, to: /events, component: Object, icon: Object} @ https://www.app.aisensy.com/static/js/main.f74f339c.js:1
[   20260ms] [LOG] route {id: EventDetails, name: Event Details, to: /events/:eventId, component: Object, icon: Object} @ https://www.app.aisensy.com/static/js/main.f74f339c.js:1
[   20260ms] [LOG] route {id: leads, name: Leads, to: /leads, component: Object, icon: Object} @ https://www.app.aisensy.com/static/js/main.f74f339c.js:1
[   20260ms] [LOG] route {id: audiences, name: Audiences, to: /audiences, component: Object, icon: Object} @ https://www.app.aisensy.com/static/js/main.f74f339c.js:1
[   20260ms] [LOG] route {id: setup, name: Setup, to: /setup, component: Object, icon: Object} @ https://www.app.aisensy.com/static/js/main.f74f339c.js:1
[   20260ms] [LOG] route {id: createAds, name: Create Ads, to: /create, component: Object, icon: Object} @ https://www.app.aisensy.com/static/js/main.f74f339c.js:1
[   20260ms] [LOG] route {id: editAds, name: Edit Ads, to: /edit/:adId, component: Object, icon: Object} @ https://www.app.aisensy.com/static/js/main.f74f339c.js:1
[   20260ms] [LOG] route {id: duplicateAds, name: Duplicate Ads, to: /duplicate/:adId, component: Object, icon: Object} @ https://www.app.aisensy.com/static/js/main.f74f339c.js:1
[   20260ms] [LOG] route {id: analytics, name: Analiytics, to: /:id/personal-analytics, component: Object, icon: Object} @ https://www.app.aisensy.com/static/js/main.f74f339c.js:1
[   20260ms] [LOG] route {id: flows, name: Flows, to: /flows, component: Object, icon: Object} @ https://www.app.aisensy.com/static/js/main.f74f339c.js:1
[   20260ms] [LOG] route {id: flowBuilder, name: Flow Builder, to: /flow-builder, component: Object, icon: Object} @ https://www.app.aisensy.com/static/js/main.f74f339c.js:1
[   20260ms] [LOG] route {id: globalAttributes, name: Global Attributes, to: /global-attributes, component: Object, icon: Object} @ https://www.app.aisensy.com/static/js/main.f74f339c.js:1
[   20261ms] [LOG] route {id: manageCatalogues, name: Manage Catalogues, to: /mnage-catalogues, component: Object, icon: Object} @ https://www.app.aisensy.com/static/js/main.f74f339c.js:1
[   20261ms] [LOG] route {id: products, name: Products, to: /products, component: Object, icon: Object} @ https://www.app.aisensy.com/static/js/main.f74f339c.js:1
[   20261ms] [LOG] route {id: connectCatalogue, name: Connect Catalogue, to: /connect-catalgue, component: Object, icon: Object} @ https://www.app.aisensy.com/static/js/main.f74f339c.js:1
[   20261ms] [LOG] route {id: flowBuilder, name: Flow-Builder, to: /flow-page/:flowId, component: Object, icon: Object} @ https://www.app.aisensy.com/static/js/main.f74f339c.js:1
[   20261ms] [LOG] route {id: waPay, name: WA Pay, to: /wa-pay, component: Object, icon: Object} @ https://www.app.aisensy.com/static/js/main.f74f339c.js:1
[   20261ms] [LOG] route {id: payments, name: Payments, to: /payments, component: Object, icon: Object} @ https://www.app.aisensy.com/static/js/main.f74f339c.js:1
[   20261ms] [LOG] route {id: setupMessages, name: Setup Messages, to: /setup-messages, component: , icon: Object} @ https://www.app.aisensy.com/static/js/main.f74f339c.js:1
[   20261ms] [LOG] route {id: settings, name: Settings, to: /settings, component: , icon: Object} @ https://www.app.aisensy.com/static/js/main.f74f339c.js:1
[   20261ms] [LOG] route {id: analyticsPage, name: Analytics, to: /analytics, component: Object, icon: Object} @ https://www.app.aisensy.com/static/js/main.f74f339c.js:1
[   20261ms] [LOG] route {id: developerHub, name: Developer Hub, to: /developer, component: , icon: Object} @ https://www.app.aisensy.com/static/js/main.f74f339c.js:1
[   20261ms] [LOG] route {id: billings, name: Billing & Usage, to: /billings, component: Object, icon: Object} @ https://www.app.aisensy.com/static/js/main.f74f339c.js:1
[   20262ms] [LOG] route {id: manage, name: Manage, to: /manage, component: Object, icon: Object} @ https://www.app.aisensy.com/static/js/main.f74f339c.js:1
[   20262ms] [LOG] route {id: integrations, name: Integrations, to: /integrations, component: Object, icon: Object} @ https://www.app.aisensy.com/static/js/main.f74f339c.js:1
[   20262ms] [LOG] route {id: discover, name: Discover, to: /appstore/discover, component: Object, icon: Object} @ https://www.app.aisensy.com/static/js/main.f74f339c.js:1
[   20262ms] [LOG] route {id: waPaySettings, name: WhatsApp Pay, to: /wa-pay/settings, component: Object, icon: Object} @ https://www.app.aisensy.com/static/js/main.f74f339c.js:1
[   20262ms] [LOG] route {id: storeSetup, name: Store Setup, to: /store-setup, component: Object, icon: Object} @ https://www.app.aisensy.com/static/js/main.f74f339c.js:1
[   20262ms] [LOG] route {id: notificationPreferences, name: Notification Preferences, to: /notification-preferences, component: Object, icon: Object} @ https://www.app.aisensy.com/static/js/main.f74f339c.js:1
[   20262ms] [LOG] route {id: dialogueflowIntegration, name: Dialogflow Integration, to: /dialogflow, component: Object, icon: Object} @ https://www.app.aisensy.com/static/js/main.f74f339c.js:1
[   20262ms] [LOG] route {id: appStore, name: App Store, to: /appstore/ecomdiscover, component: Object, icon: Object} @ https://www.app.aisensy.com/static/js/main.f74f339c.js:1
[   20375ms] [LOG] route {id: dashboard, name: Dashboard, to: /dashboard, component: Object, icon: Object} @ https://www.app.aisensy.com/static/js/main.f74f339c.js:1
[   20375ms] [LOG] route {id: liveChat, name: Live Chat, to: /live, component: Object, icon: Object} @ https://www.app.aisensy.com/static/js/main.f74f339c.js:1
[   20375ms] [LOG] route {id: history, name: History, to: /history, component: Object, icon: Object} @ https://www.app.aisensy.com/static/js/main.f74f339c.js:1
[   20375ms] [LOG] route {id: contacts, name: Contacts, to: /contacts, component: Object, icon: Object} @ https://www.app.aisensy.com/static/js/main.f74f339c.js:1
[   20375ms] [LOG] route {id: templateMessage, name: Template Message, to: /template-message, component: Object, icon: Object} @ https://www.app.aisensy.com/static/js/main.f74f339c.js:1
[   20376ms] [LOG] route {id: optinManagement, name: Optin Management, to: /optout, component: Object, icon: Object} @ https://www.app.aisensy.com/static/js/main.f74f339c.js:1
[   20376ms] [LOG] route {id: liveChatSettings, name: Live Chat Settings, to: /chat-settings, component: Object, icon: Object} @ https://www.app.aisensy.com/static/js/main.f74f339c.js:1
[   20376ms] [LOG] route {id: campaignSettings, name: Campaign Settings, to: /campaign-settings, component: Object, icon: Object} @ https://www.app.aisensy.com/static/js/main.f74f339c.js:1
[   20376ms] [LOG] route {id: userAttributes, name: User Attributes, to: /user-attributes, component: Object, icon: Object} @ https://www.app.aisensy.com/static/js/main.f74f339c.js:1
[   20376ms] [LOG] route {id: cannedMessage, name: Canned Message, to: /canned-message, component: Object, icon: Object} @ https://www.app.aisensy.com/static/js/main.f74f339c.js:1
[   20376ms] [LOG] route {id: agents, name: Agents, to: /agents, component: Object, icon: Object} @ https://www.app.aisensy.com/static/js/main.f74f339c.js:1
[   20376ms] [LOG] route {id: tags, name: Tags, to: /tags, component: Object, icon: Object} @ https://www.app.aisensy.com/static/js/main.f74f339c.js:1
[   20376ms] [LOG] route {id: campaigns, name: Campaigns, to: /campaigns, component: , icon: Object} @ https://www.app.aisensy.com/static/js/main.f74f339c.js:1
[   20376ms] [LOG] route {id: adsManagerLayout, name: Ads Manager, to: /advertisement, component: Object, icon: Object} @ https://www.app.aisensy.com/static/js/main.f74f339c.js:1
[   20376ms] [LOG] route {id: adsManagerMainPage, name: Ads Manager, to: /ads-manager, component: Object, icon: Object} @ https://www.app.aisensy.com/static/js/main.f74f339c.js:1
[   20377ms] [LOG] route {id: Event, name: Events, to: /events, component: Object, icon: Object} @ https://www.app.aisensy.com/static/js/main.f74f339c.js:1
[   20377ms] [LOG] route {id: EventDetails, name: Event Details, to: /events/:eventId, component: Object, icon: Object} @ https://www.app.aisensy.com/static/js/main.f74f339c.js:1
[   20377ms] [LOG] route {id: leads, name: Leads, to: /leads, component: Object, icon: Object} @ https://www.app.aisensy.com/static/js/main.f74f339c.js:1
[   20377ms] [LOG] route {id: audiences, name: Audiences, to: /audiences, component: Object, icon: Object} @ https://www.app.aisensy.com/static/js/main.f74f339c.js:1
[   20377ms] [LOG] route {id: setup, name: Setup, to: /setup, component: Object, icon: Object} @ https://www.app.aisensy.com/static/js/main.f74f339c.js:1
[   20377ms] [LOG] route {id: createAds, name: Create Ads, to: /create, component: Object, icon: Object} @ https://www.app.aisensy.com/static/js/main.f74f339c.js:1
[   20377ms] [LOG] route {id: editAds, name: Edit Ads, to: /edit/:adId, component: Object, icon: Object} @ https://www.app.aisensy.com/static/js/main.f74f339c.js:1
[   20377ms] [LOG] route {id: duplicateAds, name: Duplicate Ads, to: /duplicate/:adId, component: Object, icon: Object} @ https://www.app.aisensy.com/static/js/main.f74f339c.js:1
[   20377ms] [LOG] route {id: analytics, name: Analiytics, to: /:id/personal-analytics, component: Object, icon: Object} @ https://www.app.aisensy.com/static/js/main.f74f339c.js:1
[   20377ms] [LOG] route {id: flows, name: Flows, to: /flows, component: Object, icon: Object} @ https://www.app.aisensy.com/static/js/main.f74f339c.js:1
[   20377ms] [LOG] route {id: flowBuilder, name: Flow Builder, to: /flow-builder, component: Object, icon: Object} @ https://www.app.aisensy.com/static/js/main.f74f339c.js:1
[   20377ms] [LOG] route {id: globalAttributes, name: Global Attributes, to: /global-attributes, component: Object, icon: Object} @ https://www.app.aisensy.com/static/js/main.f74f339c.js:1
[   20377ms] [LOG] route {id: manageCatalogues, name: Manage Catalogues, to: /mnage-catalogues, component: Object, icon: Object} @ https://www.app.aisensy.com/static/js/main.f74f339c.js:1
[   20378ms] [LOG] route {id: products, name: Products, to: /products, component: Object, icon: Object} @ https://www.app.aisensy.com/static/js/main.f74f339c.js:1
[   20378ms] [LOG] route {id: connectCatalogue, name: Connect Catalogue, to: /connect-catalgue, component: Object, icon: Object} @ https://www.app.aisensy.com/static/js/main.f74f339c.js:1
[   20378ms] [LOG] route {id: flowBuilder, name: Flow-Builder, to: /flow-page/:flowId, component: Object, icon: Object} @ https://www.app.aisensy.com/static/js/main.f74f339c.js:1
[   20378ms] [LOG] route {id: waPay, name: WA Pay, to: /wa-pay, component: Object, icon: Object} @ https://www.app.aisensy.com/static/js/main.f74f339c.js:1
[   20378ms] [LOG] route {id: payments, name: Payments, to: /payments, component: Object, icon: Object} @ https://www.app.aisensy.com/static/js/main.f74f339c.js:1
[   20378ms] [LOG] route {id: setupMessages, name: Setup Messages, to: /setup-messages, component: , icon: Object} @ https://www.app.aisensy.com/static/js/main.f74f339c.js:1
[   20378ms] [LOG] route {id: settings, name: Settings, to: /settings, component: , icon: Object} @ https://www.app.aisensy.com/static/js/main.f74f339c.js:1
[   20378ms] [LOG] route {id: analyticsPage, name: Analytics, to: /analytics, component: Object, icon: Object} @ https://www.app.aisensy.com/static/js/main.f74f339c.js:1
[   20378ms] [LOG] route {id: developerHub, name: Developer Hub, to: /developer, component: , icon: Object} @ https://www.app.aisensy.com/static/js/main.f74f339c.js:1
[   20378ms] [LOG] route {id: billings, name: Billing & Usage, to: /billings, component: Object, icon: Object} @ https://www.app.aisensy.com/static/js/main.f74f339c.js:1
[   20378ms] [LOG] route {id: manage, name: Manage, to: /manage, component: Object, icon: Object} @ https://www.app.aisensy.com/static/js/main.f74f339c.js:1
[   20378ms] [LOG] route {id: integrations, name: Integrations, to: /integrations, component: Object, icon: Object} @ https://www.app.aisensy.com/static/js/main.f74f339c.js:1
[   20378ms] [LOG] route {id: discover, name: Discover, to: /appstore/discover, component: Object, icon: Object} @ https://www.app.aisensy.com/static/js/main.f74f339c.js:1
[   20378ms] [LOG] route {id: waPaySettings, name: WhatsApp Pay, to: /wa-pay/settings, component: Object, icon: Object} @ https://www.app.aisensy.com/static/js/main.f74f339c.js:1
[   20378ms] [LOG] route {id: storeSetup, name: Store Setup, to: /store-setup, component: Object, icon: Object} @ https://www.app.aisensy.com/static/js/main.f74f339c.js:1
[   20379ms] [LOG] route {id: notificationPreferences, name: Notification Preferences, to: /notification-preferences, component: Object, icon: Object} @ https://www.app.aisensy.com/static/js/main.f74f339c.js:1
[   20379ms] [LOG] route {id: dialogueflowIntegration, name: Dialogflow Integration, to: /dialogflow, component: Object, icon: Object} @ https://www.app.aisensy.com/static/js/main.f74f339c.js:1
[   20379ms] [LOG] route {id: appStore, name: App Store, to: /appstore/ecomdiscover, component: Object, icon: Object} @ https://www.app.aisensy.com/static/js/main.f74f339c.js:1
[   20970ms] [LOG] route {id: dashboard, name: Dashboard, to: /dashboard, component: Object, icon: Object} @ https://www.app.aisensy.com/static/js/main.f74f339c.js:1
[   20970ms] [LOG] route {id: liveChat, name: Live Chat, to: /live, component: Object, icon: Object} @ https://www.app.aisensy.com/static/js/main.f74f339c.js:1
[   20970ms] [LOG] route {id: history, name: History, to: /history, component: Object, icon: Object} @ https://www.app.aisensy.com/static/js/main.f74f339c.js:1
[   20970ms] [LOG] route {id: contacts, name: Contacts, to: /contacts, component: Object, icon: Object} @ https://www.app.aisensy.com/static/js/main.f74f339c.js:1
[   20970ms] [LOG] route {id: templateMessage, name: Template Message, to: /template-message, component: Object, icon: Object} @ https://www.app.aisensy.com/static/js/main.f74f339c.js:1
[   20970ms] [LOG] route {id: optinManagement, name: Optin Management, to: /optout, component: Object, icon: Object} @ https://www.app.aisensy.com/static/js/main.f74f339c.js:1
[   20970ms] [LOG] route {id: liveChatSettings, name: Live Chat Settings, to: /chat-settings, component: Object, icon: Object} @ https://www.app.aisensy.com/static/js/main.f74f339c.js:1
[   20970ms] [LOG] route {id: campaignSettings, name: Campaign Settings, to: /campaign-settings, component: Object, icon: Object} @ https://www.app.aisensy.com/static/js/main.f74f339c.js:1
[   20970ms] [LOG] route {id: userAttributes, name: User Attributes, to: /user-attributes, component: Object, icon: Object} @ https://www.app.aisensy.com/static/js/main.f74f339c.js:1
[   20970ms] [LOG] route {id: cannedMessage, name: Canned Message, to: /canned-message, component: Object, icon: Object} @ https://www.app.aisensy.com/static/js/main.f74f339c.js:1
[   20971ms] [LOG] route {id: agents, name: Agents, to: /agents, component: Object, icon: Object} @ https://www.app.aisensy.com/static/js/main.f74f339c.js:1
[   20971ms] [LOG] route {id: tags, name: Tags, to: /tags, component: Object, icon: Object} @ https://www.app.aisensy.com/static/js/main.f74f339c.js:1
[   20971ms] [LOG] route {id: campaigns, name: Campaigns, to: /campaigns, component: , icon: Object} @ https://www.app.aisensy.com/static/js/main.f74f339c.js:1
[   20971ms] [LOG] route {id: adsManagerLayout, name: Ads Manager, to: /advertisement, component: Object, icon: Object} @ https://www.app.aisensy.com/static/js/main.f74f339c.js:1
[   20971ms] [LOG] route {id: adsManagerMainPage, name: Ads Manager, to: /ads-manager, component: Object, icon: Object} @ https://www.app.aisensy.com/static/js/main.f74f339c.js:1
[   20971ms] [LOG] route {id: Event, name: Events, to: /events, component: Object, icon: Object} @ https://www.app.aisensy.com/static/js/main.f74f339c.js:1
[   20971ms] [LOG] route {id: EventDetails, name: Event Details, to: /events/:eventId, component: Object, icon: Object} @ https://www.app.aisensy.com/static/js/main.f74f339c.js:1
[   20971ms] [LOG] route {id: leads, name: Leads, to: /leads, component: Object, icon: Object} @ https://www.app.aisensy.com/static/js/main.f74f339c.js:1
[   20971ms] [LOG] route {id: audiences, name: Audiences, to: /audiences, component: Object, icon: Object} @ https://www.app.aisensy.com/static/js/main.f74f339c.js:1
[   20971ms] [LOG] route {id: setup, name: Setup, to: /setup, component: Object, icon: Object} @ https://www.app.aisensy.com/static/js/main.f74f339c.js:1
[   20971ms] [LOG] route {id: createAds, name: Create Ads, to: /create, component: Object, icon: Object} @ https://www.app.aisensy.com/static/js/main.f74f339c.js:1
[   20971ms] [LOG] route {id: editAds, name: Edit Ads, to: /edit/:adId, component: Object, icon: Object} @ https://www.app.aisensy.com/static/js/main.f74f339c.js:1
[   20971ms] [LOG] route {id: duplicateAds, name: Duplicate Ads, to: /duplicate/:adId, component: Object, icon: Object} @ https://www.app.aisensy.com/static/js/main.f74f339c.js:1
[   20971ms] [LOG] route {id: analytics, name: Analiytics, to: /:id/personal-analytics, component: Object, icon: Object} @ https://www.app.aisensy.com/static/js/main.f74f339c.js:1
[   20971ms] [LOG] route {id: flows, name: Flows, to: /flows, component: Object, icon: Object} @ https://www.app.aisensy.com/static/js/main.f74f339c.js:1
[   20971ms] [LOG] route {id: flowBuilder, name: Flow Builder, to: /flow-builder, component: Object, icon: Object} @ https://www.app.aisensy.com/static/js/main.f74f339c.js:1
[   20971ms] [LOG] route {id: globalAttributes, name: Global Attributes, to: /global-attributes, component: Object, icon: Object} @ https://www.app.aisensy.com/static/js/main.f74f339c.js:1
[   20972ms] [LOG] route {id: manageCatalogues, name: Manage Catalogues, to: /mnage-catalogues, component: Object, icon: Object} @ https://www.app.aisensy.com/static/js/main.f74f339c.js:1
[   20972ms] [LOG] route {id: products, name: Products, to: /products, component: Object, icon: Object} @ https://www.app.aisensy.com/static/js/main.f74f339c.js:1
[   20972ms] [LOG] route {id: connectCatalogue, name: Connect Catalogue, to: /connect-catalgue, component: Object, icon: Object} @ https://www.app.aisensy.com/static/js/main.f74f339c.js:1
[   20972ms] [LOG] route {id: flowBuilder, name: Flow-Builder, to: /flow-page/:flowId, component: Object, icon: Object} @ https://www.app.aisensy.com/static/js/main.f74f339c.js:1
[   20972ms] [LOG] route {id: waPay, name: WA Pay, to: /wa-pay, component: Object, icon: Object} @ https://www.app.aisensy.com/static/js/main.f74f339c.js:1
[   20972ms] [LOG] route {id: payments, name: Payments, to: /payments, component: Object, icon: Object} @ https://www.app.aisensy.com/static/js/main.f74f339c.js:1
[   20972ms] [LOG] route {id: setupMessages, name: Setup Messages, to: /setup-messages, component: , icon: Object} @ https://www.app.aisensy.com/static/js/main.f74f339c.js:1
[   20972ms] [LOG] route {id: settings, name: Settings, to: /settings, component: , icon: Object} @ https://www.app.aisensy.com/static/js/main.f74f339c.js:1
[   20972ms] [LOG] route {id: analyticsPage, name: Analytics, to: /analytics, component: Object, icon: Object} @ https://www.app.aisensy.com/static/js/main.f74f339c.js:1
[   20972ms] [LOG] route {id: developerHub, name: Developer Hub, to: /developer, component: , icon: Object} @ https://www.app.aisensy.com/static/js/main.f74f339c.js:1
[   20972ms] [LOG] route {id: billings, name: Billing & Usage, to: /billings, component: Object, icon: Object} @ https://www.app.aisensy.com/static/js/main.f74f339c.js:1
[   20972ms] [LOG] route {id: manage, name: Manage, to: /manage, component: Object, icon: Object} @ https://www.app.aisensy.com/static/js/main.f74f339c.js:1
[   20972ms] [LOG] route {id: integrations, name: Integrations, to: /integrations, component: Object, icon: Object} @ https://www.app.aisensy.com/static/js/main.f74f339c.js:1
[   20972ms] [LOG] route {id: discover, name: Discover, to: /appstore/discover, component: Object, icon: Object} @ https://www.app.aisensy.com/static/js/main.f74f339c.js:1
[   20972ms] [LOG] route {id: waPaySettings, name: WhatsApp Pay, to: /wa-pay/settings, component: Object, icon: Object} @ https://www.app.aisensy.com/static/js/main.f74f339c.js:1
[   20972ms] [LOG] route {id: storeSetup, name: Store Setup, to: /store-setup, component: Object, icon: Object} @ https://www.app.aisensy.com/static/js/main.f74f339c.js:1
[   20972ms] [LOG] route {id: notificationPreferences, name: Notification Preferences, to: /notification-preferences, component: Object, icon: Object} @ https://www.app.aisensy.com/static/js/main.f74f339c.js:1
[   20973ms] [LOG] route {id: dialogueflowIntegration, name: Dialogflow Integration, to: /dialogflow, component: Object, icon: Object} @ https://www.app.aisensy.com/static/js/main.f74f339c.js:1
[   20973ms] [LOG] route {id: appStore, name: App Store, to: /appstore/ecomdiscover, component: Object, icon: Object} @ https://www.app.aisensy.com/static/js/main.f74f339c.js:1
[   20979ms] [LOG] route {id: dashboard, name: Dashboard, to: /dashboard, component: Object, icon: Object} @ https://www.app.aisensy.com/static/js/main.f74f339c.js:1
[   20979ms] [LOG] route {id: liveChat, name: Live Chat, to: /live, component: Object, icon: Object} @ https://www.app.aisensy.com/static/js/main.f74f339c.js:1
[   20979ms] [LOG] route {id: history, name: History, to: /history, component: Object, icon: Object} @ https://www.app.aisensy.com/static/js/main.f74f339c.js:1
[   20979ms] [LOG] route {id: contacts, name: Contacts, to: /contacts, component: Object, icon: Object} @ https://www.app.aisensy.com/static/js/main.f74f339c.js:1
[   20979ms] [LOG] route {id: templateMessage, name: Template Message, to: /template-message, component: Object, icon: Object} @ https://www.app.aisensy.com/static/js/main.f74f339c.js:1
[   20979ms] [LOG] route {id: optinManagement, name: Optin Management, to: /optout, component: Object, icon: Object} @ https://www.app.aisensy.com/static/js/main.f74f339c.js:1
[   20979ms] [LOG] route {id: liveChatSettings, name: Live Chat Settings, to: /chat-settings, component: Object, icon: Object} @ https://www.app.aisensy.com/static/js/main.f74f339c.js:1
[   20979ms] [LOG] route {id: campaignSettings, name: Campaign Settings, to: /campaign-settings, component: Object, icon: Object} @ https://www.app.aisensy.com/static/js/main.f74f339c.js:1
[   20979ms] [LOG] route {id: userAttributes, name: User Attributes, to: /user-attributes, component: Object, icon: Object} @ https://www.app.aisensy.com/static/js/main.f74f339c.js:1
[   20979ms] [LOG] route {id: cannedMessage, name: Canned Message, to: /canned-message, component: Object, icon: Object} @ https://www.app.aisensy.com/static/js/main.f74f339c.js:1
[   20979ms] [LOG] route {id: agents, name: Agents, to: /agents, component: Object, icon: Object} @ https://www.app.aisensy.com/static/js/main.f74f339c.js:1
[   20979ms] [LOG] route {id: tags, name: Tags, to: /tags, component: Object, icon: Object} @ https://www.app.aisensy.com/static/js/main.f74f339c.js:1
[   20979ms] [LOG] route {id: campaigns, name: Campaigns, to: /campaigns, component: , icon: Object} @ https://www.app.aisensy.com/static/js/main.f74f339c.js:1
[   20979ms] [LOG] route {id: adsManagerLayout, name: Ads Manager, to: /advertisement, component: Object, icon: Object} @ https://www.app.aisensy.com/static/js/main.f74f339c.js:1
[   20980ms] [LOG] route {id: adsManagerMainPage, name: Ads Manager, to: /ads-manager, component: Object, icon: Object} @ https://www.app.aisensy.com/static/js/main.f74f339c.js:1
[   20980ms] [LOG] route {id: Event, name: Events, to: /events, component: Object, icon: Object} @ https://www.app.aisensy.com/static/js/main.f74f339c.js:1
[   20980ms] [LOG] route {id: EventDetails, name: Event Details, to: /events/:eventId, component: Object, icon: Object} @ https://www.app.aisensy.com/static/js/main.f74f339c.js:1
[   20980ms] [LOG] route {id: leads, name: Leads, to: /leads, component: Object, icon: Object} @ https://www.app.aisensy.com/static/js/main.f74f339c.js:1
[   20980ms] [LOG] route {id: audiences, name: Audiences, to: /audiences, component: Object, icon: Object} @ https://www.app.aisensy.com/static/js/main.f74f339c.js:1
[   20980ms] [LOG] route {id: setup, name: Setup, to: /setup, component: Object, icon: Object} @ https://www.app.aisensy.com/static/js/main.f74f339c.js:1
[   20980ms] [LOG] route {id: createAds, name: Create Ads, to: /create, component: Object, icon: Object} @ https://www.app.aisensy.com/static/js/main.f74f339c.js:1
[   20980ms] [LOG] route {id: editAds, name: Edit Ads, to: /edit/:adId, component: Object, icon: Object} @ https://www.app.aisensy.com/static/js/main.f74f339c.js:1
[   20980ms] [LOG] route {id: duplicateAds, name: Duplicate Ads, to: /duplicate/:adId, component: Object, icon: Object} @ https://www.app.aisensy.com/static/js/main.f74f339c.js:1
[   20980ms] [LOG] route {id: analytics, name: Analiytics, to: /:id/personal-analytics, component: Object, icon: Object} @ https://www.app.aisensy.com/static/js/main.f74f339c.js:1
[   20980ms] [LOG] route {id: flows, name: Flows, to: /flows, component: Object, icon: Object} @ https://www.app.aisensy.com/static/js/main.f74f339c.js:1
[   20980ms] [LOG] route {id: flowBuilder, name: Flow Builder, to: /flow-builder, component: Object, icon: Object} @ https://www.app.aisensy.com/static/js/main.f74f339c.js:1
[   20980ms] [LOG] route {id: globalAttributes, name: Global Attributes, to: /global-attributes, component: Object, icon: Object} @ https://www.app.aisensy.com/static/js/main.f74f339c.js:1
[   20980ms] [LOG] route {id: manageCatalogues, name: Manage Catalogues, to: /mnage-catalogues, component: Object, icon: Object} @ https://www.app.aisensy.com/static/js/main.f74f339c.js:1
[   20980ms] [LOG] route {id: products, name: Products, to: /products, component: Object, icon: Object} @ https://www.app.aisensy.com/static/js/main.f74f339c.js:1
[   20980ms] [LOG] route {id: connectCatalogue, name: Connect Catalogue, to: /connect-catalgue, component: Object, icon: Object} @ https://www.app.aisensy.com/static/js/main.f74f339c.js:1
[   20980ms] [LOG] route {id: flowBuilder, name: Flow-Builder, to: /flow-page/:flowId, component: Object, icon: Object} @ https://www.app.aisensy.com/static/js/main.f74f339c.js:1
[   20981ms] [LOG] route {id: waPay, name: WA Pay, to: /wa-pay, component: Object, icon: Object} @ https://www.app.aisensy.com/static/js/main.f74f339c.js:1
[   20981ms] [LOG] route {id: payments, name: Payments, to: /payments, component: Object, icon: Object} @ https://www.app.aisensy.com/static/js/main.f74f339c.js:1
[   20981ms] [LOG] route {id: setupMessages, name: Setup Messages, to: /setup-messages, component: , icon: Object} @ https://www.app.aisensy.com/static/js/main.f74f339c.js:1
[   20981ms] [LOG] route {id: settings, name: Settings, to: /settings, component: , icon: Object} @ https://www.app.aisensy.com/static/js/main.f74f339c.js:1
[   20981ms] [LOG] route {id: analyticsPage, name: Analytics, to: /analytics, component: Object, icon: Object} @ https://www.app.aisensy.com/static/js/main.f74f339c.js:1
[   20981ms] [LOG] route {id: developerHub, name: Developer Hub, to: /developer, component: , icon: Object} @ https://www.app.aisensy.com/static/js/main.f74f339c.js:1
[   20981ms] [LOG] route {id: billings, name: Billing & Usage, to: /billings, component: Object, icon: Object} @ https://www.app.aisensy.com/static/js/main.f74f339c.js:1
[   20981ms] [LOG] route {id: manage, name: Manage, to: /manage, component: Object, icon: Object} @ https://www.app.aisensy.com/static/js/main.f74f339c.js:1
[   20981ms] [LOG] route {id: integrations, name: Integrations, to: /integrations, component: Object, icon: Object} @ https://www.app.aisensy.com/static/js/main.f74f339c.js:1
[   20981ms] [LOG] route {id: discover, name: Discover, to: /appstore/discover, component: Object, icon: Object} @ https://www.app.aisensy.com/static/js/main.f74f339c.js:1
[   20981ms] [LOG] route {id: waPaySettings, name: WhatsApp Pay, to: /wa-pay/settings, component: Object, icon: Object} @ https://www.app.aisensy.com/static/js/main.f74f339c.js:1
[   20981ms] [LOG] route {id: storeSetup, name: Store Setup, to: /store-setup, component: Object, icon: Object} @ https://www.app.aisensy.com/static/js/main.f74f339c.js:1
[   20981ms] [LOG] route {id: notificationPreferences, name: Notification Preferences, to: /notification-preferences, component: Object, icon: Object} @ https://www.app.aisensy.com/static/js/main.f74f339c.js:1
[   20981ms] [LOG] route {id: dialogueflowIntegration, name: Dialogflow Integration, to: /dialogflow, component: Object, icon: Object} @ https://www.app.aisensy.com/static/js/main.f74f339c.js:1
[   20981ms] [LOG] route {id: appStore, name: App Store, to: /appstore/ecomdiscover, component: Object, icon: Object} @ https://www.app.aisensy.com/static/js/main.f74f339c.js:1
[   30471ms] [LOG] route {id: dashboard, name: Dashboard, to: /dashboard, component: Object, icon: Object} @ https://www.app.aisensy.com/static/js/main.f74f339c.js:1
[   30471ms] [LOG] route {id: liveChat, name: Live Chat, to: /live, component: Object, icon: Object} @ https://www.app.aisensy.com/static/js/main.f74f339c.js:1
[   30471ms] [LOG] route {id: history, name: History, to: /history, component: Object, icon: Object} @ https://www.app.aisensy.com/static/js/main.f74f339c.js:1
[   30471ms] [LOG] route {id: contacts, name: Contacts, to: /contacts, component: Object, icon: Object} @ https://www.app.aisensy.com/static/js/main.f74f339c.js:1
[   30471ms] [LOG] route {id: templateMessage, name: Template Message, to: /template-message, component: Object, icon: Object} @ https://www.app.aisensy.com/static/js/main.f74f339c.js:1
[   30471ms] [LOG] route {id: optinManagement, name: Optin Management, to: /optout, component: Object, icon: Object} @ https://www.app.aisensy.com/static/js/main.f74f339c.js:1
[   30471ms] [LOG] route {id: liveChatSettings, name: Live Chat Settings, to: /chat-settings, component: Object, icon: Object} @ https://www.app.aisensy.com/static/js/main.f74f339c.js:1
[   30472ms] [LOG] route {id: campaignSettings, name: Campaign Settings, to: /campaign-settings, component: Object, icon: Object} @ https://www.app.aisensy.com/static/js/main.f74f339c.js:1
[   30472ms] [LOG] route {id: userAttributes, name: User Attributes, to: /user-attributes, component: Object, icon: Object} @ https://www.app.aisensy.com/static/js/main.f74f339c.js:1
[   30472ms] [LOG] route {id: cannedMessage, name: Canned Message, to: /canned-message, component: Object, icon: Object} @ https://www.app.aisensy.com/static/js/main.f74f339c.js:1
[   30472ms] [LOG] route {id: agents, name: Agents, to: /agents, component: Object, icon: Object} @ https://www.app.aisensy.com/static/js/main.f74f339c.js:1
[   30472ms] [LOG] route {id: tags, name: Tags, to: /tags, component: Object, icon: Object} @ https://www.app.aisensy.com/static/js/main.f74f339c.js:1
[   30472ms] [LOG] route {id: campaigns, name: Campaigns, to: /campaigns, component: , icon: Object} @ https://www.app.aisensy.com/static/js/main.f74f339c.js:1
[   30472ms] [LOG] route {id: adsManagerLayout, name: Ads Manager, to: /advertisement, component: Object, icon: Object} @ https://www.app.aisensy.com/static/js/main.f74f339c.js:1
[   30472ms] [LOG] route {id: adsManagerMainPage, name: Ads Manager, to: /ads-manager, component: Object, icon: Object} @ https://www.app.aisensy.com/static/js/main.f74f339c.js:1
[   30472ms] [LOG] route {id: Event, name: Events, to: /events, component: Object, icon: Object} @ https://www.app.aisensy.com/static/js/main.f74f339c.js:1
[   30472ms] [LOG] route {id: EventDetails, name: Event Details, to: /events/:eventId, component: Object, icon: Object} @ https://www.app.aisensy.com/static/js/main.f74f339c.js:1
[   30472ms] [LOG] route {id: leads, name: Leads, to: /leads, component: Object, icon: Object} @ https://www.app.aisensy.com/static/js/main.f74f339c.js:1
[   30472ms] [LOG] route {id: audiences, name: Audiences, to: /audiences, component: Object, icon: Object} @ https://www.app.aisensy.com/static/js/main.f74f339c.js:1
[   30472ms] [LOG] route {id: setup, name: Setup, to: /setup, component: Object, icon: Object} @ https://www.app.aisensy.com/static/js/main.f74f339c.js:1
[   30472ms] [LOG] route {id: createAds, name: Create Ads, to: /create, component: Object, icon: Object} @ https://www.app.aisensy.com/static/js/main.f74f339c.js:1
[   30472ms] [LOG] route {id: editAds, name: Edit Ads, to: /edit/:adId, component: Object, icon: Object} @ https://www.app.aisensy.com/static/js/main.f74f339c.js:1
[   30472ms] [LOG] route {id: duplicateAds, name: Duplicate Ads, to: /duplicate/:adId, component: Object, icon: Object} @ https://www.app.aisensy.com/static/js/main.f74f339c.js:1
[   30472ms] [LOG] route {id: analytics, name: Analiytics, to: /:id/personal-analytics, component: Object, icon: Object} @ https://www.app.aisensy.com/static/js/main.f74f339c.js:1
[   30472ms] [LOG] route {id: flows, name: Flows, to: /flows, component: Object, icon: Object} @ https://www.app.aisensy.com/static/js/main.f74f339c.js:1
[   30473ms] [LOG] route {id: flowBuilder, name: Flow Builder, to: /flow-builder, component: Object, icon: Object} @ https://www.app.aisensy.com/static/js/main.f74f339c.js:1
[   30473ms] [LOG] route {id: globalAttributes, name: Global Attributes, to: /global-attributes, component: Object, icon: Object} @ https://www.app.aisensy.com/static/js/main.f74f339c.js:1
[   30473ms] [LOG] route {id: manageCatalogues, name: Manage Catalogues, to: /mnage-catalogues, component: Object, icon: Object} @ https://www.app.aisensy.com/static/js/main.f74f339c.js:1
[   30473ms] [LOG] route {id: products, name: Products, to: /products, component: Object, icon: Object} @ https://www.app.aisensy.com/static/js/main.f74f339c.js:1
[   30473ms] [LOG] route {id: connectCatalogue, name: Connect Catalogue, to: /connect-catalgue, component: Object, icon: Object} @ https://www.app.aisensy.com/static/js/main.f74f339c.js:1
[   30473ms] [LOG] route {id: flowBuilder, name: Flow-Builder, to: /flow-page/:flowId, component: Object, icon: Object} @ https://www.app.aisensy.com/static/js/main.f74f339c.js:1
[   30473ms] [LOG] route {id: waPay, name: WA Pay, to: /wa-pay, component: Object, icon: Object} @ https://www.app.aisensy.com/static/js/main.f74f339c.js:1
[   30473ms] [LOG] route {id: payments, name: Payments, to: /payments, component: Object, icon: Object} @ https://www.app.aisensy.com/static/js/main.f74f339c.js:1
[   30473ms] [LOG] route {id: setupMessages, name: Setup Messages, to: /setup-messages, component: , icon: Object} @ https://www.app.aisensy.com/static/js/main.f74f339c.js:1
[   30473ms] [LOG] route {id: settings, name: Settings, to: /settings, component: , icon: Object} @ https://www.app.aisensy.com/static/js/main.f74f339c.js:1
[   30473ms] [LOG] route {id: analyticsPage, name: Analytics, to: /analytics, component: Object, icon: Object} @ https://www.app.aisensy.com/static/js/main.f74f339c.js:1
[   30473ms] [LOG] route {id: developerHub, name: Developer Hub, to: /developer, component: , icon: Object} @ https://www.app.aisensy.com/static/js/main.f74f339c.js:1
[   30473ms] [LOG] route {id: billings, name: Billing & Usage, to: /billings, component: Object, icon: Object} @ https://www.app.aisensy.com/static/js/main.f74f339c.js:1
[   30473ms] [LOG] route {id: manage, name: Manage, to: /manage, component: Object, icon: Object} @ https://www.app.aisensy.com/static/js/main.f74f339c.js:1
[   30473ms] [LOG] route {id: integrations, name: Integrations, to: /integrations, component: Object, icon: Object} @ https://www.app.aisensy.com/static/js/main.f74f339c.js:1
[   30473ms] [LOG] route {id: discover, name: Discover, to: /appstore/discover, component: Object, icon: Object} @ https://www.app.aisensy.com/static/js/main.f74f339c.js:1
[   30473ms] [LOG] route {id: waPaySettings, name: WhatsApp Pay, to: /wa-pay/settings, component: Object, icon: Object} @ https://www.app.aisensy.com/static/js/main.f74f339c.js:1
[   30473ms] [LOG] route {id: storeSetup, name: Store Setup, to: /store-setup, component: Object, icon: Object} @ https://www.app.aisensy.com/static/js/main.f74f339c.js:1
[   30473ms] [LOG] route {id: notificationPreferences, name: Notification Preferences, to: /notification-preferences, component: Object, icon: Object} @ https://www.app.aisensy.com/static/js/main.f74f339c.js:1
[   30473ms] [LOG] route {id: dialogueflowIntegration, name: Dialogflow Integration, to: /dialogflow, component: Object, icon: Object} @ https://www.app.aisensy.com/static/js/main.f74f339c.js:1
[   30473ms] [LOG] route {id: appStore, name: App Store, to: /appstore/ecomdiscover, component: Object, icon: Object} @ https://www.app.aisensy.com/static/js/main.f74f339c.js:1
[   30722ms] [ERROR] Failed to load resource: the server responded with a status of 400 () @ https://backend.aisensy.com/campaign/t1/campaign/mobile-lite-metaData?assistantId=6919fcc9dcce0f0d43a2567f:0
[   30722ms] [LOG] AxiosError: Request failed with status code 400
    at Wt (https://www.app.aisensy.com/static/js/main.f74f339c.js:2:2692090)
    at XMLHttpRequest.f (https://www.app.aisensy.com/static/js/main.f74f339c.js:2:2697606) @ https://www.app.aisensy.com/static/js/main.f74f339c.js:1
