[   80017ms] Error: Minified React error #418; visit https://react.dev/errors/418?args[]=text&args[]= for the full message or use the non-minified dev environment for full errors and additional helpful warnings.
    at rX (https://schoolfees-two.vercel.app/_next/static/chunks/10~x95jhs6ns3.js:1:47213)
    at rY (https://schoolfees-two.vercel.app/_next/static/chunks/10~x95jhs6ns3.js:1:48246)
    at https://schoolfees-two.vercel.app/_next/static/chunks/10~x95jhs6ns3.js:1:142594
    at sh (https://schoolfees-two.vercel.app/_next/static/chunks/10~x95jhs6ns3.js:1:147755)
    at sd (https://schoolfees-two.vercel.app/_next/static/chunks/10~x95jhs6ns3.js:1:139005)
    at https://schoolfees-two.vercel.app/_next/static/chunks/10~x95jhs6ns3.js:1:133830
    at se (https://schoolfees-two.vercel.app/_next/static/chunks/10~x95jhs6ns3.js:1:133931)
    at s$ (https://schoolfees-two.vercel.app/_next/static/chunks/10~x95jhs6ns3.js:1:160495)
    at MessagePort.O (https://schoolfees-two.vercel.app/_next/static/chunks/10~x95jhs6ns3.js:1:8660)
[  150331ms] Error: Minified React error #418; visit https://react.dev/errors/418?args[]=text&args[]= for the full message or use the non-minified dev environment for full errors and additional helpful warnings.
    at rX (https://schoolfees-two.vercel.app/_next/static/chunks/10~x95jhs6ns3.js:1:47213)
    at rY (https://schoolfees-two.vercel.app/_next/static/chunks/10~x95jhs6ns3.js:1:48246)
    at https://schoolfees-two.vercel.app/_next/static/chunks/10~x95jhs6ns3.js:1:142594
    at sh (https://schoolfees-two.vercel.app/_next/static/chunks/10~x95jhs6ns3.js:1:147755)
    at sd (https://schoolfees-two.vercel.app/_next/static/chunks/10~x95jhs6ns3.js:1:139005)
    at https://schoolfees-two.vercel.app/_next/static/chunks/10~x95jhs6ns3.js:1:133830
    at se (https://schoolfees-two.vercel.app/_next/static/chunks/10~x95jhs6ns3.js:1:133931)
    at s$ (https://schoolfees-two.vercel.app/_next/static/chunks/10~x95jhs6ns3.js:1:160495)
    at MessagePort.O (https://schoolfees-two.vercel.app/_next/static/chunks/10~x95jhs6ns3.js:1:8660)
