[     140ms] [WARNING] The value "1maximum-scale" for key "initial-scale" was truncated to its numeric prefix. @ https://www.app.aisensy.com/projects/6919fcc9dcce0f0d43a2567f/manage/canned-message:0
[     140ms] [WARNING] The key "1" is not recognized and ignored. @ https://www.app.aisensy.com/projects/6919fcc9dcce0f0d43a2567f/manage/canned-message:0
[     245ms] [LOG] 
                         _                          _       _   _
                        | |                        | |     | | (_)
  __ _  ___   ___   __ _| | ___    __ _ _ __   __ _| |_   _| |_ _  ___ ___
 / _` |/ _ \ / _ \ / _` | |/ _ \  / _` | '_ \ / _` | | | | | __| |/ __/ __|
| (_| | (_) | (_) | (_| | |  __/ | (_| | | | | (_| | | |_| | |_| | (__\__ \
 \__, |\___/ \___/ \__, |_|\___|  \__,_|_| |_|\__,_|_|\__, |\__|_|\___|___/
  __/ |             __/ |                              __/ |
 |___/             |___/                              |___/
 @ https://www.google-analytics.com/u/analytics_debug.js:48
[     245ms] [WARNING] Running analytics_debug.js. This script is intended for testing and debugging only. @ https://www.google-analytics.com/u/analytics_debug.js:48
[     245ms] [INFO] Creating new tracker: gtm4 @ https://www.google-analytics.com/u/analytics_debug.js:48
[     247ms] [INFO] Auto cookieDomain found: "aisensy.com" @ https://www.google-analytics.com/u/analytics_debug.js:48
[     248ms] [INFO] Plugin "linker" intialized on tracker "gtm4". @ https://www.google-analytics.com/u/analytics_debug.js:48
[     249ms] [INFO] 
Sent beacon:
v=1&_v=j102d&a=1606431054&t=pageview&_s=1&dl=https%3A%2F%2Fwww.app.aisensy.com%2Fprojects%2F6919fcc9dcce0f0d43a2567f%2Fmanage%2Fcanned-message&ul=en-us&sr=1366x768&vp=1366x641&_u=QCCACEABBAAAACAAI~&jid=&gjid=&cid=1247690549.1778831776&tid=UA-202972885-1&_gid=1704848281.1778831777&_slc=1&gtm=45He65d0n81NRR25F8v848835053za200zd848835053&gcd=13l3l3l3l1l1&dma=0&tag_exp=0~115938466~115938469&z=1958783598

 @ https://www.google-analytics.com/u/analytics_debug.js:48
[     250ms] [INFO] <unknown>        (&dma)     0 @ https://www.google-analytics.com/u/analytics_debug.js:48
[     250ms] [INFO] <unknown>        (&gcd)     13l3l3l3l1l1 @ https://www.google-analytics.com/u/analytics_debug.js:48
[     250ms] [INFO] <unknown>        (&gtm)     45He65d0n81NRR25F8v848835053za200zd848835053 @ https://www.google-analytics.com/u/analytics_debug.js:48
[     250ms] [INFO] <unknown>        (&tag_exp) 0~115938466~115938469 @ https://www.google-analytics.com/u/analytics_debug.js:48
[     250ms] [INFO] _j1              (&jid)      @ https://www.google-analytics.com/u/analytics_debug.js:48
[     250ms] [INFO] _j2              (&gjid)     @ https://www.google-analytics.com/u/analytics_debug.js:48
[     250ms] [INFO] adSenseId        (&a)       1606431054 @ https://www.google-analytics.com/u/analytics_debug.js:48
[     250ms] [INFO] apiVersion       (&v)       1 @ https://www.google-analytics.com/u/analytics_debug.js:48
[     250ms] [INFO] clientId         (&cid)     1247690549.1778831776 @ https://www.google-analytics.com/u/analytics_debug.js:48
[     250ms] [INFO] hitType          (&t)       pageview @ https://www.google-analytics.com/u/analytics_debug.js:48
[     250ms] [INFO] language         (&ul)      en-us @ https://www.google-analytics.com/u/analytics_debug.js:48
[     250ms] [INFO] location         (&dl)      https://www.app.aisensy.com/projects/6919fcc9dcce0f0d43a2567f/manage/canned-message @ https://www.google-analytics.com/u/analytics_debug.js:48
[     251ms] [INFO] screenResolution (&sr)      1366x768 @ https://www.google-analytics.com/u/analytics_debug.js:48
[     251ms] [INFO] trackingId       (&tid)     UA-202972885-1 @ https://www.google-analytics.com/u/analytics_debug.js:48
[     251ms] [INFO] viewportSize     (&vp)      1366x641 @ https://www.google-analytics.com/u/analytics_debug.js:48
[     251ms] [INFO] Registered new plugin: ga(provide, "render", Function) @ https://www.google-analytics.com/u/analytics_debug.js:48
[     325ms] [WARNING] [Meta Pixel] - Duplicate Pixel ID: 255162156131712. @ https://connect.facebook.net/en_US/fbevents.js:181
[   18066ms] [LOG] route {id: dashboard, name: Dashboard, to: /dashboard, component: Object, icon: Object} @ https://www.app.aisensy.com/static/js/main.f74f339c.js:1
[   18067ms] [LOG] route {id: liveChat, name: Live Chat, to: /live, component: Object, icon: Object} @ https://www.app.aisensy.com/static/js/main.f74f339c.js:1
[   18067ms] [LOG] route {id: history, name: History, to: /history, component: Object, icon: Object} @ https://www.app.aisensy.com/static/js/main.f74f339c.js:1
[   18067ms] [LOG] route {id: contacts, name: Contacts, to: /contacts, component: Object, icon: Object} @ https://www.app.aisensy.com/static/js/main.f74f339c.js:1
[   18067ms] [LOG] route {id: templateMessage, name: Template Message, to: /template-message, component: Object, icon: Object} @ https://www.app.aisensy.com/static/js/main.f74f339c.js:1
[   18067ms] [LOG] route {id: optinManagement, name: Optin Management, to: /optout, component: Object, icon: Object} @ https://www.app.aisensy.com/static/js/main.f74f339c.js:1
[   18067ms] [LOG] route {id: liveChatSettings, name: Live Chat Settings, to: /chat-settings, component: Object, icon: Object} @ https://www.app.aisensy.com/static/js/main.f74f339c.js:1
[   18067ms] [LOG] route {id: campaignSettings, name: Campaign Settings, to: /campaign-settings, component: Object, icon: Object} @ https://www.app.aisensy.com/static/js/main.f74f339c.js:1
[   18067ms] [LOG] route {id: userAttributes, name: User Attributes, to: /user-attributes, component: Object, icon: Object} @ https://www.app.aisensy.com/static/js/main.f74f339c.js:1
[   18067ms] [LOG] route {id: cannedMessage, name: Canned Message, to: /canned-message, component: Object, icon: Object} @ https://www.app.aisensy.com/static/js/main.f74f339c.js:1
[   18067ms] [LOG] route {id: agents, name: Agents, to: /agents, component: Object, icon: Object} @ https://www.app.aisensy.com/static/js/main.f74f339c.js:1
[   18067ms] [LOG] route {id: tags, name: Tags, to: /tags, component: Object, icon: Object} @ https://www.app.aisensy.com/static/js/main.f74f339c.js:1
[   18067ms] [LOG] route {id: campaigns, name: Campaigns, to: /campaigns, component: , icon: Object} @ https://www.app.aisensy.com/static/js/main.f74f339c.js:1
[   18067ms] [LOG] route {id: adsManagerLayout, name: Ads Manager, to: /advertisement, component: Object, icon: Object} @ https://www.app.aisensy.com/static/js/main.f74f339c.js:1
[   18067ms] [LOG] route {id: adsManagerMainPage, name: Ads Manager, to: /ads-manager, component: Object, icon: Object} @ https://www.app.aisensy.com/static/js/main.f74f339c.js:1
[   18067ms] [LOG] route {id: Event, name: Events, to: /events, component: Object, icon: Object} @ https://www.app.aisensy.com/static/js/main.f74f339c.js:1
[   18067ms] [LOG] route {id: EventDetails, name: Event Details, to: /events/:eventId, component: Object, icon: Object} @ https://www.app.aisensy.com/static/js/main.f74f339c.js:1
[   18067ms] [LOG] route {id: leads, name: Leads, to: /leads, component: Object, icon: Object} @ https://www.app.aisensy.com/static/js/main.f74f339c.js:1
[   18067ms] [LOG] route {id: audiences, name: Audiences, to: /audiences, component: Object, icon: Object} @ https://www.app.aisensy.com/static/js/main.f74f339c.js:1
[   18067ms] [LOG] route {id: setup, name: Setup, to: /setup, component: Object, icon: Object} @ https://www.app.aisensy.com/static/js/main.f74f339c.js:1
[   18067ms] [LOG] route {id: createAds, name: Create Ads, to: /create, component: Object, icon: Object} @ https://www.app.aisensy.com/static/js/main.f74f339c.js:1
[   18067ms] [LOG] route {id: editAds, name: Edit Ads, to: /edit/:adId, component: Object, icon: Object} @ https://www.app.aisensy.com/static/js/main.f74f339c.js:1
[   18067ms] [LOG] route {id: duplicateAds, name: Duplicate Ads, to: /duplicate/:adId, component: Object, icon: Object} @ https://www.app.aisensy.com/static/js/main.f74f339c.js:1
[   18068ms] [LOG] route {id: analytics, name: Analiytics, to: /:id/personal-analytics, component: Object, icon: Object} @ https://www.app.aisensy.com/static/js/main.f74f339c.js:1
[   18068ms] [LOG] route {id: flows, name: Flows, to: /flows, component: Object, icon: Object} @ https://www.app.aisensy.com/static/js/main.f74f339c.js:1
[   18068ms] [LOG] route {id: flowBuilder, name: Flow Builder, to: /flow-builder, component: Object, icon: Object} @ https://www.app.aisensy.com/static/js/main.f74f339c.js:1
[   18068ms] [LOG] route {id: globalAttributes, name: Global Attributes, to: /global-attributes, component: Object, icon: Object} @ https://www.app.aisensy.com/static/js/main.f74f339c.js:1
[   18068ms] [LOG] route {id: manageCatalogues, name: Manage Catalogues, to: /mnage-catalogues, component: Object, icon: Object} @ https://www.app.aisensy.com/static/js/main.f74f339c.js:1
[   18068ms] [LOG] route {id: products, name: Products, to: /products, component: Object, icon: Object} @ https://www.app.aisensy.com/static/js/main.f74f339c.js:1
[   18068ms] [LOG] route {id: connectCatalogue, name: Connect Catalogue, to: /connect-catalgue, component: Object, icon: Object} @ https://www.app.aisensy.com/static/js/main.f74f339c.js:1
[   18068ms] [LOG] route {id: flowBuilder, name: Flow-Builder, to: /flow-page/:flowId, component: Object, icon: Object} @ https://www.app.aisensy.com/static/js/main.f74f339c.js:1
[   18068ms] [LOG] route {id: waPay, name: WA Pay, to: /wa-pay, component: Object, icon: Object} @ https://www.app.aisensy.com/static/js/main.f74f339c.js:1
[   18068ms] [LOG] route {id: payments, name: Payments, to: /payments, component: Object, icon: Object} @ https://www.app.aisensy.com/static/js/main.f74f339c.js:1
[   18068ms] [LOG] route {id: setupMessages, name: Setup Messages, to: /setup-messages, component: , icon: Object} @ https://www.app.aisensy.com/static/js/main.f74f339c.js:1
[   18068ms] [LOG] route {id: settings, name: Settings, to: /settings, component: , icon: Object} @ https://www.app.aisensy.com/static/js/main.f74f339c.js:1
[   18068ms] [LOG] route {id: analyticsPage, name: Analytics, to: /analytics, component: Object, icon: Object} @ https://www.app.aisensy.com/static/js/main.f74f339c.js:1
[   18068ms] [LOG] route {id: developerHub, name: Developer Hub, to: /developer, component: , icon: Object} @ https://www.app.aisensy.com/static/js/main.f74f339c.js:1
[   18068ms] [LOG] route {id: billings, name: Billing & Usage, to: /billings, component: Object, icon: Object} @ https://www.app.aisensy.com/static/js/main.f74f339c.js:1
[   18068ms] [LOG] route {id: manage, name: Manage, to: /manage, component: Object, icon: Object} @ https://www.app.aisensy.com/static/js/main.f74f339c.js:1
[   18068ms] [LOG] route {id: integrations, name: Integrations, to: /integrations, component: Object, icon: Object} @ https://www.app.aisensy.com/static/js/main.f74f339c.js:1
[   18068ms] [LOG] route {id: discover, name: Discover, to: /appstore/discover, component: Object, icon: Object} @ https://www.app.aisensy.com/static/js/main.f74f339c.js:1
[   18068ms] [LOG] route {id: waPaySettings, name: WhatsApp Pay, to: /wa-pay/settings, component: Object, icon: Object} @ https://www.app.aisensy.com/static/js/main.f74f339c.js:1
[   18068ms] [LOG] route {id: storeSetup, name: Store Setup, to: /store-setup, component: Object, icon: Object} @ https://www.app.aisensy.com/static/js/main.f74f339c.js:1
[   18068ms] [LOG] route {id: notificationPreferences, name: Notification Preferences, to: /notification-preferences, component: Object, icon: Object} @ https://www.app.aisensy.com/static/js/main.f74f339c.js:1
[   18068ms] [LOG] route {id: dialogueflowIntegration, name: Dialogflow Integration, to: /dialogflow, component: Object, icon: Object} @ https://www.app.aisensy.com/static/js/main.f74f339c.js:1
[   18068ms] [LOG] route {id: appStore, name: App Store, to: /appstore/ecomdiscover, component: Object, icon: Object} @ https://www.app.aisensy.com/static/js/main.f74f339c.js:1
[   18112ms] [WARNING] The provided value 'stream' is not a valid enum value of type XMLHttpRequestResponseType. @ https://www.app.aisensy.com/static/js/main.f74f339c.js:1
[   18121ms] [LOG] ******** No tracking parameters @ https://www.app.aisensy.com/static/js/main.f74f339c.js:1
[   18138ms] [WARNING] Manifest: property 'start_url' ignored, URL is invalid. @ blob:https://www.app.aisensy.com/949510c7-218c-45e4-a00e-793c3540b4ad:0
[   18138ms] [WARNING] Manifest: property 'src' ignored, URL is invalid. @ blob:https://www.app.aisensy.com/949510c7-218c-45e4-a00e-793c3540b4ad:0
[   18138ms] [WARNING] Manifest: property 'src' ignored, URL is invalid. @ blob:https://www.app.aisensy.com/949510c7-218c-45e4-a00e-793c3540b4ad:0
[   18138ms] [WARNING] Manifest: property 'src' ignored, URL is invalid. @ blob:https://www.app.aisensy.com/949510c7-218c-45e4-a00e-793c3540b4ad:0
[   18344ms] [LOG] socket connect @ https://www.app.aisensy.com/static/js/main.f74f339c.js:1
[   18345ms] [WARNING] [Intercom] Not initialized, cannot update attributes @ https://www.app.aisensy.com/static/js/main.f74f339c.js:1
[   18405ms] ReferenceError: webengage_fs_configurationMap is not defined
    at t.onload (https://inz826171c3.in.webengage.co/storage-frame-1.13.htm?cdn=y&cbf=webengage-engagement-callback-frame&lc=in~826171c3:1:2858)
[   18783ms] [WARNING] LogRocket: Session quota exceeded. Please upgrade your plan. Disabling ... @ https://www.app.aisensy.com/static/js/main.f74f339c.js:1
[   19255ms] [INFO] Compiling or instantiating a WebAssembly module violates the following Content Security policy directive because 'unsafe-eval' is not an allowed source of script: "script-src 'nonce-fgT5nHBe9Lg6mJlE33jwqfvf' 'self' https://js.chargebee.com https://js1.chargebee.com https://cnstatic.devcb.in https://dgkxwewtzsnml.cloudfront.net https://go.referralcandy.com https://*.sentry-cdn.com https://hcaptcha.com https://*.hcaptcha.com https://cdn.pendo.io https://*.pendo.com data: https://*.google.com https://*.googleapis.com https://maps.googleapis.com https://google.com https://*.cardinalcommerce.com https://*.cardinaltrusted.com https://*.kaptcha.com https://*.salesflare.com https://*.paytmpayments.com https://core.spreedly.com https://www.paypalobjects.com https://www.paypal.com https://cdn.sift.com https://forms.finixpymnts.com https://cdn.mathjax.org https://js.cobrowse.io https://js.stripe.com https://assets.payfurl.com https://ebanx-js.ebanx.com https://connect.facebook.net 'sha256-jjMRnD48p+PyMPVGFijWfgSnkelbj/APH3uJacPuoB0=' 'sha256-5kvpNcCH36zRfzE9xhEm3430TJr9pqZRQNPw/JcNCAI=' 'sha256-0QF6XTN2zxURUBa+L8+AMfQzCALzVVwaW9xEOsMf/X0=' 'sha256-1e5RR2OpHhuX2h0Bat19DsNTmqbo4M3T1pqfeTXCHaA=' 'sha256-sNwJrI1ys8g8vRBMMn91qrdGGZ/g4YN5Ko0ti/yuNk8=' 'sha256-cFgMlKU09Tr4M0TzLaoHXoHqRlsSDP2JKUTVjBUsKwA=' 'sha256-6UjTMctmhk38SzYW5Wggf6yrdhprh/M0mTizwnEELl8=' 'sha256-b+mf6EIMFYxuAIdk6/2IF09zTUsJrlW6qZaw4opG6QU=' 'sha256-qlWkm8fetBd204B6qK6AnpRMW1ilEmMugM43R0MJINY=' 'sha256-idXcl/I72NrKqcrCjsjRVPVJBtjd2Y6PyKVx8W3ndjw=' 'sha256-iVfin/zxP7iUxfueU0JXFFnY/41IhM5gpR3ocB+ZrMY=' 'sha256-lHMfYllZf/q0E78OM3FGfdI9E1AFkt8jUPPZHT5eJNw=' 'sha256-42/foZPGaEBG0IpG0ime8VINAWcVs3CcZByMO183Cjw=' blob: https://aisensy.chargebeestaticv2.com http://js1.chargebeestatic.com/static/app-static-assets/hp/hp-9.4.9/ https://*.adyen.com https://*.payments-amazon.com https://*.paypal.com https://checkout.stripe.com https://connect-js.stripe.com https://*.stripecdn.com https://pay.google.com https://*.bluesnap.com https://*.razorpay.com". The policy is report-only, so the violation has been logged but no further action has been taken. @ https://js.chargebee.com/hcaptcha.js?onload=hCaptchaOnLoad:3
[   19256ms] [INFO] Compiling or instantiating a WebAssembly module violates the following Content Security policy directive because 'unsafe-eval' is not an allowed source of script: "script-src 'nonce-fgT5nHBe9Lg6mJlE33jwqfvf' 'self' https://js.chargebee.com https://js1.chargebee.com https://cnstatic.devcb.in https://dgkxwewtzsnml.cloudfront.net https://go.referralcandy.com https://*.sentry-cdn.com https://hcaptcha.com https://*.hcaptcha.com https://cdn.pendo.io https://*.pendo.com data: https://*.google.com https://*.googleapis.com https://maps.googleapis.com https://google.com https://*.cardinalcommerce.com https://*.cardinaltrusted.com https://*.kaptcha.com https://*.salesflare.com https://*.paytmpayments.com https://core.spreedly.com https://www.paypalobjects.com https://www.paypal.com https://cdn.sift.com https://forms.finixpymnts.com https://cdn.mathjax.org https://js.cobrowse.io https://js.stripe.com https://assets.payfurl.com https://ebanx-js.ebanx.com https://connect.facebook.net 'sha256-jjMRnD48p+PyMPVGFijWfgSnkelbj/APH3uJacPuoB0=' 'sha256-5kvpNcCH36zRfzE9xhEm3430TJr9pqZRQNPw/JcNCAI=' 'sha256-0QF6XTN2zxURUBa+L8+AMfQzCALzVVwaW9xEOsMf/X0=' 'sha256-1e5RR2OpHhuX2h0Bat19DsNTmqbo4M3T1pqfeTXCHaA=' 'sha256-sNwJrI1ys8g8vRBMMn91qrdGGZ/g4YN5Ko0ti/yuNk8=' 'sha256-cFgMlKU09Tr4M0TzLaoHXoHqRlsSDP2JKUTVjBUsKwA=' 'sha256-6UjTMctmhk38SzYW5Wggf6yrdhprh/M0mTizwnEELl8=' 'sha256-b+mf6EIMFYxuAIdk6/2IF09zTUsJrlW6qZaw4opG6QU=' 'sha256-qlWkm8fetBd204B6qK6AnpRMW1ilEmMugM43R0MJINY=' 'sha256-idXcl/I72NrKqcrCjsjRVPVJBtjd2Y6PyKVx8W3ndjw=' 'sha256-iVfin/zxP7iUxfueU0JXFFnY/41IhM5gpR3ocB+ZrMY=' 'sha256-lHMfYllZf/q0E78OM3FGfdI9E1AFkt8jUPPZHT5eJNw=' 'sha256-42/foZPGaEBG0IpG0ime8VINAWcVs3CcZByMO183Cjw=' blob: https://aisensy.chargebeestaticv2.com http://js1.chargebeestatic.com/static/app-static-assets/hp/hp-9.4.9/ https://*.adyen.com https://*.payments-amazon.com https://*.paypal.com https://checkout.stripe.com https://connect-js.stripe.com https://*.stripecdn.com https://pay.google.com https://*.bluesnap.com https://*.razorpay.com". The policy is report-only, so the violation has been logged but no further action has been taken. @ https://js.chargebee.com/hcaptcha.js?onload=hCaptchaOnLoad:3
[   19794ms] [LOG] route {id: dashboard, name: Dashboard, to: /dashboard, component: Object, icon: Object} @ https://www.app.aisensy.com/static/js/main.f74f339c.js:1
[   19794ms] [LOG] route {id: liveChat, name: Live Chat, to: /live, component: Object, icon: Object} @ https://www.app.aisensy.com/static/js/main.f74f339c.js:1
[   19794ms] [LOG] route {id: history, name: History, to: /history, component: Object, icon: Object} @ https://www.app.aisensy.com/static/js/main.f74f339c.js:1
[   19794ms] [LOG] route {id: contacts, name: Contacts, to: /contacts, component: Object, icon: Object} @ https://www.app.aisensy.com/static/js/main.f74f339c.js:1
[   19794ms] [LOG] route {id: templateMessage, name: Template Message, to: /template-message, component: Object, icon: Object} @ https://www.app.aisensy.com/static/js/main.f74f339c.js:1
[   19794ms] [LOG] route {id: optinManagement, name: Optin Management, to: /optout, component: Object, icon: Object} @ https://www.app.aisensy.com/static/js/main.f74f339c.js:1
[   19794ms] [LOG] route {id: liveChatSettings, name: Live Chat Settings, to: /chat-settings, component: Object, icon: Object} @ https://www.app.aisensy.com/static/js/main.f74f339c.js:1
[   19794ms] [LOG] route {id: campaignSettings, name: Campaign Settings, to: /campaign-settings, component: Object, icon: Object} @ https://www.app.aisensy.com/static/js/main.f74f339c.js:1
[   19794ms] [LOG] route {id: userAttributes, name: User Attributes, to: /user-attributes, component: Object, icon: Object} @ https://www.app.aisensy.com/static/js/main.f74f339c.js:1
[   19794ms] [LOG] route {id: cannedMessage, name: Canned Message, to: /canned-message, component: Object, icon: Object} @ https://www.app.aisensy.com/static/js/main.f74f339c.js:1
[   19794ms] [LOG] route {id: agents, name: Agents, to: /agents, component: Object, icon: Object} @ https://www.app.aisensy.com/static/js/main.f74f339c.js:1
[   19794ms] [LOG] route {id: tags, name: Tags, to: /tags, component: Object, icon: Object} @ https://www.app.aisensy.com/static/js/main.f74f339c.js:1
[   19795ms] [LOG] route {id: campaigns, name: Campaigns, to: /campaigns, component: , icon: Object} @ https://www.app.aisensy.com/static/js/main.f74f339c.js:1
[   19795ms] [LOG] route {id: adsManagerLayout, name: Ads Manager, to: /advertisement, component: Object, icon: Object} @ https://www.app.aisensy.com/static/js/main.f74f339c.js:1
[   19795ms] [LOG] route {id: adsManagerMainPage, name: Ads Manager, to: /ads-manager, component: Object, icon: Object} @ https://www.app.aisensy.com/static/js/main.f74f339c.js:1
[   19795ms] [LOG] route {id: Event, name: Events, to: /events, component: Object, icon: Object} @ https://www.app.aisensy.com/static/js/main.f74f339c.js:1
[   19795ms] [LOG] route {id: EventDetails, name: Event Details, to: /events/:eventId, component: Object, icon: Object} @ https://www.app.aisensy.com/static/js/main.f74f339c.js:1
[   19795ms] [LOG] route {id: leads, name: Leads, to: /leads, component: Object, icon: Object} @ https://www.app.aisensy.com/static/js/main.f74f339c.js:1
[   19795ms] [LOG] route {id: audiences, name: Audiences, to: /audiences, component: Object, icon: Object} @ https://www.app.aisensy.com/static/js/main.f74f339c.js:1
[   19795ms] [LOG] route {id: setup, name: Setup, to: /setup, component: Object, icon: Object} @ https://www.app.aisensy.com/static/js/main.f74f339c.js:1
[   19795ms] [LOG] route {id: createAds, name: Create Ads, to: /create, component: Object, icon: Object} @ https://www.app.aisensy.com/static/js/main.f74f339c.js:1
[   19795ms] [LOG] route {id: editAds, name: Edit Ads, to: /edit/:adId, component: Object, icon: Object} @ https://www.app.aisensy.com/static/js/main.f74f339c.js:1
[   19795ms] [LOG] route {id: duplicateAds, name: Duplicate Ads, to: /duplicate/:adId, component: Object, icon: Object} @ https://www.app.aisensy.com/static/js/main.f74f339c.js:1
[   19795ms] [LOG] route {id: analytics, name: Analiytics, to: /:id/personal-analytics, component: Object, icon: Object} @ https://www.app.aisensy.com/static/js/main.f74f339c.js:1
[   19795ms] [LOG] route {id: flows, name: Flows, to: /flows, component: Object, icon: Object} @ https://www.app.aisensy.com/static/js/main.f74f339c.js:1
[   19795ms] [LOG] route {id: flowBuilder, name: Flow Builder, to: /flow-builder, component: Object, icon: Object} @ https://www.app.aisensy.com/static/js/main.f74f339c.js:1
[   19796ms] [LOG] route {id: globalAttributes, name: Global Attributes, to: /global-attributes, component: Object, icon: Object} @ https://www.app.aisensy.com/static/js/main.f74f339c.js:1
[   19796ms] [LOG] route {id: manageCatalogues, name: Manage Catalogues, to: /mnage-catalogues, component: Object, icon: Object} @ https://www.app.aisensy.com/static/js/main.f74f339c.js:1
[   19796ms] [LOG] route {id: products, name: Products, to: /products, component: Object, icon: Object} @ https://www.app.aisensy.com/static/js/main.f74f339c.js:1
[   19796ms] [LOG] route {id: connectCatalogue, name: Connect Catalogue, to: /connect-catalgue, component: Object, icon: Object} @ https://www.app.aisensy.com/static/js/main.f74f339c.js:1
[   19796ms] [LOG] route {id: flowBuilder, name: Flow-Builder, to: /flow-page/:flowId, component: Object, icon: Object} @ https://www.app.aisensy.com/static/js/main.f74f339c.js:1
[   19796ms] [LOG] route {id: waPay, name: WA Pay, to: /wa-pay, component: Object, icon: Object} @ https://www.app.aisensy.com/static/js/main.f74f339c.js:1
[   19796ms] [LOG] route {id: payments, name: Payments, to: /payments, component: Object, icon: Object} @ https://www.app.aisensy.com/static/js/main.f74f339c.js:1
[   19796ms] [LOG] route {id: setupMessages, name: Setup Messages, to: /setup-messages, component: , icon: Object} @ https://www.app.aisensy.com/static/js/main.f74f339c.js:1
[   19796ms] [LOG] route {id: settings, name: Settings, to: /settings, component: , icon: Object} @ https://www.app.aisensy.com/static/js/main.f74f339c.js:1
[   19796ms] [LOG] route {id: analyticsPage, name: Analytics, to: /analytics, component: Object, icon: Object} @ https://www.app.aisensy.com/static/js/main.f74f339c.js:1
[   19796ms] [LOG] route {id: developerHub, name: Developer Hub, to: /developer, component: , icon: Object} @ https://www.app.aisensy.com/static/js/main.f74f339c.js:1
[   19796ms] [LOG] route {id: billings, name: Billing & Usage, to: /billings, component: Object, icon: Object} @ https://www.app.aisensy.com/static/js/main.f74f339c.js:1
[   19797ms] [LOG] route {id: manage, name: Manage, to: /manage, component: Object, icon: Object} @ https://www.app.aisensy.com/static/js/main.f74f339c.js:1
[   19797ms] [LOG] route {id: integrations, name: Integrations, to: /integrations, component: Object, icon: Object} @ https://www.app.aisensy.com/static/js/main.f74f339c.js:1
[   19797ms] [LOG] route {id: discover, name: Discover, to: /appstore/discover, component: Object, icon: Object} @ https://www.app.aisensy.com/static/js/main.f74f339c.js:1
[   19797ms] [LOG] route {id: waPaySettings, name: WhatsApp Pay, to: /wa-pay/settings, component: Object, icon: Object} @ https://www.app.aisensy.com/static/js/main.f74f339c.js:1
[   19797ms] [LOG] route {id: storeSetup, name: Store Setup, to: /store-setup, component: Object, icon: Object} @ https://www.app.aisensy.com/static/js/main.f74f339c.js:1
[   19797ms] [LOG] route {id: notificationPreferences, name: Notification Preferences, to: /notification-preferences, component: Object, icon: Object} @ https://www.app.aisensy.com/static/js/main.f74f339c.js:1
[   19797ms] [LOG] route {id: dialogueflowIntegration, name: Dialogflow Integration, to: /dialogflow, component: Object, icon: Object} @ https://www.app.aisensy.com/static/js/main.f74f339c.js:1
[   19797ms] [LOG] route {id: appStore, name: App Store, to: /appstore/ecomdiscover, component: Object, icon: Object} @ https://www.app.aisensy.com/static/js/main.f74f339c.js:1
[   19827ms] [LOG] route {id: dashboard, name: Dashboard, to: /dashboard, component: Object, icon: Object} @ https://www.app.aisensy.com/static/js/main.f74f339c.js:1
[   19828ms] [LOG] route {id: liveChat, name: Live Chat, to: /live, component: Object, icon: Object} @ https://www.app.aisensy.com/static/js/main.f74f339c.js:1
[   19828ms] [LOG] route {id: history, name: History, to: /history, component: Object, icon: Object} @ https://www.app.aisensy.com/static/js/main.f74f339c.js:1
[   19828ms] [LOG] route {id: contacts, name: Contacts, to: /contacts, component: Object, icon: Object} @ https://www.app.aisensy.com/static/js/main.f74f339c.js:1
[   19828ms] [LOG] route {id: templateMessage, name: Template Message, to: /template-message, component: Object, icon: Object} @ https://www.app.aisensy.com/static/js/main.f74f339c.js:1
[   19828ms] [LOG] route {id: optinManagement, name: Optin Management, to: /optout, component: Object, icon: Object} @ https://www.app.aisensy.com/static/js/main.f74f339c.js:1
[   19828ms] [LOG] route {id: liveChatSettings, name: Live Chat Settings, to: /chat-settings, component: Object, icon: Object} @ https://www.app.aisensy.com/static/js/main.f74f339c.js:1
[   19828ms] [LOG] route {id: campaignSettings, name: Campaign Settings, to: /campaign-settings, component: Object, icon: Object} @ https://www.app.aisensy.com/static/js/main.f74f339c.js:1
[   19828ms] [LOG] route {id: userAttributes, name: User Attributes, to: /user-attributes, component: Object, icon: Object} @ https://www.app.aisensy.com/static/js/main.f74f339c.js:1
[   19828ms] [LOG] route {id: cannedMessage, name: Canned Message, to: /canned-message, component: Object, icon: Object} @ https://www.app.aisensy.com/static/js/main.f74f339c.js:1
[   19828ms] [LOG] route {id: agents, name: Agents, to: /agents, component: Object, icon: Object} @ https://www.app.aisensy.com/static/js/main.f74f339c.js:1
[   19828ms] [LOG] route {id: tags, name: Tags, to: /tags, component: Object, icon: Object} @ https://www.app.aisensy.com/static/js/main.f74f339c.js:1
[   19829ms] [LOG] route {id: campaigns, name: Campaigns, to: /campaigns, component: , icon: Object} @ https://www.app.aisensy.com/static/js/main.f74f339c.js:1
[   19829ms] [LOG] route {id: adsManagerLayout, name: Ads Manager, to: /advertisement, component: Object, icon: Object} @ https://www.app.aisensy.com/static/js/main.f74f339c.js:1
[   19829ms] [LOG] route {id: adsManagerMainPage, name: Ads Manager, to: /ads-manager, component: Object, icon: Object} @ https://www.app.aisensy.com/static/js/main.f74f339c.js:1
[   19829ms] [LOG] route {id: Event, name: Events, to: /events, component: Object, icon: Object} @ https://www.app.aisensy.com/static/js/main.f74f339c.js:1
[   19829ms] [LOG] route {id: EventDetails, name: Event Details, to: /events/:eventId, component: Object, icon: Object} @ https://www.app.aisensy.com/static/js/main.f74f339c.js:1
[   19829ms] [LOG] route {id: leads, name: Leads, to: /leads, component: Object, icon: Object} @ https://www.app.aisensy.com/static/js/main.f74f339c.js:1
[   19829ms] [LOG] route {id: audiences, name: Audiences, to: /audiences, component: Object, icon: Object} @ https://www.app.aisensy.com/static/js/main.f74f339c.js:1
[   19829ms] [LOG] route {id: setup, name: Setup, to: /setup, component: Object, icon: Object} @ https://www.app.aisensy.com/static/js/main.f74f339c.js:1
[   19829ms] [LOG] route {id: createAds, name: Create Ads, to: /create, component: Object, icon: Object} @ https://www.app.aisensy.com/static/js/main.f74f339c.js:1
[   19829ms] [LOG] route {id: editAds, name: Edit Ads, to: /edit/:adId, component: Object, icon: Object} @ https://www.app.aisensy.com/static/js/main.f74f339c.js:1
[   19829ms] [LOG] route {id: duplicateAds, name: Duplicate Ads, to: /duplicate/:adId, component: Object, icon: Object} @ https://www.app.aisensy.com/static/js/main.f74f339c.js:1
[   19829ms] [LOG] route {id: analytics, name: Analiytics, to: /:id/personal-analytics, component: Object, icon: Object} @ https://www.app.aisensy.com/static/js/main.f74f339c.js:1
[   19830ms] [LOG] route {id: flows, name: Flows, to: /flows, component: Object, icon: Object} @ https://www.app.aisensy.com/static/js/main.f74f339c.js:1
[   19830ms] [LOG] route {id: flowBuilder, name: Flow Builder, to: /flow-builder, component: Object, icon: Object} @ https://www.app.aisensy.com/static/js/main.f74f339c.js:1
[   19830ms] [LOG] route {id: globalAttributes, name: Global Attributes, to: /global-attributes, component: Object, icon: Object} @ https://www.app.aisensy.com/static/js/main.f74f339c.js:1
[   19830ms] [LOG] route {id: manageCatalogues, name: Manage Catalogues, to: /mnage-catalogues, component: Object, icon: Object} @ https://www.app.aisensy.com/static/js/main.f74f339c.js:1
[   19830ms] [LOG] route {id: products, name: Products, to: /products, component: Object, icon: Object} @ https://www.app.aisensy.com/static/js/main.f74f339c.js:1
[   19830ms] [LOG] route {id: connectCatalogue, name: Connect Catalogue, to: /connect-catalgue, component: Object, icon: Object} @ https://www.app.aisensy.com/static/js/main.f74f339c.js:1
[   19830ms] [LOG] route {id: flowBuilder, name: Flow-Builder, to: /flow-page/:flowId, component: Object, icon: Object} @ https://www.app.aisensy.com/static/js/main.f74f339c.js:1
[   19830ms] [LOG] route {id: waPay, name: WA Pay, to: /wa-pay, component: Object, icon: Object} @ https://www.app.aisensy.com/static/js/main.f74f339c.js:1
[   19830ms] [LOG] route {id: payments, name: Payments, to: /payments, component: Object, icon: Object} @ https://www.app.aisensy.com/static/js/main.f74f339c.js:1
[   19830ms] [LOG] route {id: setupMessages, name: Setup Messages, to: /setup-messages, component: , icon: Object} @ https://www.app.aisensy.com/static/js/main.f74f339c.js:1
[   19830ms] [LOG] route {id: settings, name: Settings, to: /settings, component: , icon: Object} @ https://www.app.aisensy.com/static/js/main.f74f339c.js:1
[   19831ms] [LOG] route {id: analyticsPage, name: Analytics, to: /analytics, component: Object, icon: Object} @ https://www.app.aisensy.com/static/js/main.f74f339c.js:1
[   19831ms] [LOG] route {id: developerHub, name: Developer Hub, to: /developer, component: , icon: Object} @ https://www.app.aisensy.com/static/js/main.f74f339c.js:1
[   19831ms] [LOG] route {id: billings, name: Billing & Usage, to: /billings, component: Object, icon: Object} @ https://www.app.aisensy.com/static/js/main.f74f339c.js:1
[   19831ms] [LOG] route {id: manage, name: Manage, to: /manage, component: Object, icon: Object} @ https://www.app.aisensy.com/static/js/main.f74f339c.js:1
[   19831ms] [LOG] route {id: integrations, name: Integrations, to: /integrations, component: Object, icon: Object} @ https://www.app.aisensy.com/static/js/main.f74f339c.js:1
[   19831ms] [LOG] route {id: discover, name: Discover, to: /appstore/discover, component: Object, icon: Object} @ https://www.app.aisensy.com/static/js/main.f74f339c.js:1
[   19831ms] [LOG] route {id: waPaySettings, name: WhatsApp Pay, to: /wa-pay/settings, component: Object, icon: Object} @ https://www.app.aisensy.com/static/js/main.f74f339c.js:1
[   19831ms] [LOG] route {id: storeSetup, name: Store Setup, to: /store-setup, component: Object, icon: Object} @ https://www.app.aisensy.com/static/js/main.f74f339c.js:1
[   19831ms] [LOG] route {id: notificationPreferences, name: Notification Preferences, to: /notification-preferences, component: Object, icon: Object} @ https://www.app.aisensy.com/static/js/main.f74f339c.js:1
[   19831ms] [LOG] route {id: dialogueflowIntegration, name: Dialogflow Integration, to: /dialogflow, component: Object, icon: Object} @ https://www.app.aisensy.com/static/js/main.f74f339c.js:1
[   19831ms] [LOG] route {id: appStore, name: App Store, to: /appstore/ecomdiscover, component: Object, icon: Object} @ https://www.app.aisensy.com/static/js/main.f74f339c.js:1
[   19928ms] [LOG] route {id: dashboard, name: Dashboard, to: /dashboard, component: Object, icon: Object} @ https://www.app.aisensy.com/static/js/main.f74f339c.js:1
[   19928ms] [LOG] route {id: liveChat, name: Live Chat, to: /live, component: Object, icon: Object} @ https://www.app.aisensy.com/static/js/main.f74f339c.js:1
[   19928ms] [LOG] route {id: history, name: History, to: /history, component: Object, icon: Object} @ https://www.app.aisensy.com/static/js/main.f74f339c.js:1
[   19928ms] [LOG] route {id: contacts, name: Contacts, to: /contacts, component: Object, icon: Object} @ https://www.app.aisensy.com/static/js/main.f74f339c.js:1
[   19928ms] [LOG] route {id: templateMessage, name: Template Message, to: /template-message, component: Object, icon: Object} @ https://www.app.aisensy.com/static/js/main.f74f339c.js:1
[   19928ms] [LOG] route {id: optinManagement, name: Optin Management, to: /optout, component: Object, icon: Object} @ https://www.app.aisensy.com/static/js/main.f74f339c.js:1
[   19929ms] [LOG] route {id: liveChatSettings, name: Live Chat Settings, to: /chat-settings, component: Object, icon: Object} @ https://www.app.aisensy.com/static/js/main.f74f339c.js:1
[   19929ms] [LOG] route {id: campaignSettings, name: Campaign Settings, to: /campaign-settings, component: Object, icon: Object} @ https://www.app.aisensy.com/static/js/main.f74f339c.js:1
[   19929ms] [LOG] route {id: userAttributes, name: User Attributes, to: /user-attributes, component: Object, icon: Object} @ https://www.app.aisensy.com/static/js/main.f74f339c.js:1
[   19929ms] [LOG] route {id: cannedMessage, name: Canned Message, to: /canned-message, component: Object, icon: Object} @ https://www.app.aisensy.com/static/js/main.f74f339c.js:1
[   19929ms] [LOG] route {id: agents, name: Agents, to: /agents, component: Object, icon: Object} @ https://www.app.aisensy.com/static/js/main.f74f339c.js:1
[   19929ms] [LOG] route {id: tags, name: Tags, to: /tags, component: Object, icon: Object} @ https://www.app.aisensy.com/static/js/main.f74f339c.js:1
[   19929ms] [LOG] route {id: campaigns, name: Campaigns, to: /campaigns, component: , icon: Object} @ https://www.app.aisensy.com/static/js/main.f74f339c.js:1
[   19929ms] [LOG] route {id: adsManagerLayout, name: Ads Manager, to: /advertisement, component: Object, icon: Object} @ https://www.app.aisensy.com/static/js/main.f74f339c.js:1
[   19929ms] [LOG] route {id: adsManagerMainPage, name: Ads Manager, to: /ads-manager, component: Object, icon: Object} @ https://www.app.aisensy.com/static/js/main.f74f339c.js:1
[   19929ms] [LOG] route {id: Event, name: Events, to: /events, component: Object, icon: Object} @ https://www.app.aisensy.com/static/js/main.f74f339c.js:1
[   19929ms] [LOG] route {id: EventDetails, name: Event Details, to: /events/:eventId, component: Object, icon: Object} @ https://www.app.aisensy.com/static/js/main.f74f339c.js:1
[   19929ms] [LOG] route {id: leads, name: Leads, to: /leads, component: Object, icon: Object} @ https://www.app.aisensy.com/static/js/main.f74f339c.js:1
[   19929ms] [LOG] route {id: audiences, name: Audiences, to: /audiences, component: Object, icon: Object} @ https://www.app.aisensy.com/static/js/main.f74f339c.js:1
[   19929ms] [LOG] route {id: setup, name: Setup, to: /setup, component: Object, icon: Object} @ https://www.app.aisensy.com/static/js/main.f74f339c.js:1
[   19929ms] [LOG] route {id: createAds, name: Create Ads, to: /create, component: Object, icon: Object} @ https://www.app.aisensy.com/static/js/main.f74f339c.js:1
[   19929ms] [LOG] route {id: editAds, name: Edit Ads, to: /edit/:adId, component: Object, icon: Object} @ https://www.app.aisensy.com/static/js/main.f74f339c.js:1
[   19930ms] [LOG] route {id: duplicateAds, name: Duplicate Ads, to: /duplicate/:adId, component: Object, icon: Object} @ https://www.app.aisensy.com/static/js/main.f74f339c.js:1
[   19930ms] [LOG] route {id: analytics, name: Analiytics, to: /:id/personal-analytics, component: Object, icon: Object} @ https://www.app.aisensy.com/static/js/main.f74f339c.js:1
[   19930ms] [LOG] route {id: flows, name: Flows, to: /flows, component: Object, icon: Object} @ https://www.app.aisensy.com/static/js/main.f74f339c.js:1
[   19930ms] [LOG] route {id: flowBuilder, name: Flow Builder, to: /flow-builder, component: Object, icon: Object} @ https://www.app.aisensy.com/static/js/main.f74f339c.js:1
[   19930ms] [LOG] route {id: globalAttributes, name: Global Attributes, to: /global-attributes, component: Object, icon: Object} @ https://www.app.aisensy.com/static/js/main.f74f339c.js:1
[   19930ms] [LOG] route {id: manageCatalogues, name: Manage Catalogues, to: /mnage-catalogues, component: Object, icon: Object} @ https://www.app.aisensy.com/static/js/main.f74f339c.js:1
[   19930ms] [LOG] route {id: products, name: Products, to: /products, component: Object, icon: Object} @ https://www.app.aisensy.com/static/js/main.f74f339c.js:1
[   19930ms] [LOG] route {id: connectCatalogue, name: Connect Catalogue, to: /connect-catalgue, component: Object, icon: Object} @ https://www.app.aisensy.com/static/js/main.f74f339c.js:1
[   19930ms] [LOG] route {id: flowBuilder, name: Flow-Builder, to: /flow-page/:flowId, component: Object, icon: Object} @ https://www.app.aisensy.com/static/js/main.f74f339c.js:1
[   19930ms] [LOG] route {id: waPay, name: WA Pay, to: /wa-pay, component: Object, icon: Object} @ https://www.app.aisensy.com/static/js/main.f74f339c.js:1
[   19930ms] [LOG] route {id: payments, name: Payments, to: /payments, component: Object, icon: Object} @ https://www.app.aisensy.com/static/js/main.f74f339c.js:1
[   19930ms] [LOG] route {id: setupMessages, name: Setup Messages, to: /setup-messages, component: , icon: Object} @ https://www.app.aisensy.com/static/js/main.f74f339c.js:1
[   19930ms] [LOG] route {id: settings, name: Settings, to: /settings, component: , icon: Object} @ https://www.app.aisensy.com/static/js/main.f74f339c.js:1
[   19930ms] [LOG] route {id: analyticsPage, name: Analytics, to: /analytics, component: Object, icon: Object} @ https://www.app.aisensy.com/static/js/main.f74f339c.js:1
[   19930ms] [LOG] route {id: developerHub, name: Developer Hub, to: /developer, component: , icon: Object} @ https://www.app.aisensy.com/static/js/main.f74f339c.js:1
[   19930ms] [LOG] route {id: billings, name: Billing & Usage, to: /billings, component: Object, icon: Object} @ https://www.app.aisensy.com/static/js/main.f74f339c.js:1
[   19930ms] [LOG] route {id: manage, name: Manage, to: /manage, component: Object, icon: Object} @ https://www.app.aisensy.com/static/js/main.f74f339c.js:1
[   19930ms] [LOG] route {id: integrations, name: Integrations, to: /integrations, component: Object, icon: Object} @ https://www.app.aisensy.com/static/js/main.f74f339c.js:1
[   19931ms] [LOG] route {id: discover, name: Discover, to: /appstore/discover, component: Object, icon: Object} @ https://www.app.aisensy.com/static/js/main.f74f339c.js:1
[   19931ms] [LOG] route {id: waPaySettings, name: WhatsApp Pay, to: /wa-pay/settings, component: Object, icon: Object} @ https://www.app.aisensy.com/static/js/main.f74f339c.js:1
[   19931ms] [LOG] route {id: storeSetup, name: Store Setup, to: /store-setup, component: Object, icon: Object} @ https://www.app.aisensy.com/static/js/main.f74f339c.js:1
[   19931ms] [LOG] route {id: notificationPreferences, name: Notification Preferences, to: /notification-preferences, component: Object, icon: Object} @ https://www.app.aisensy.com/static/js/main.f74f339c.js:1
[   19931ms] [LOG] route {id: dialogueflowIntegration, name: Dialogflow Integration, to: /dialogflow, component: Object, icon: Object} @ https://www.app.aisensy.com/static/js/main.f74f339c.js:1
[   19931ms] [LOG] route {id: appStore, name: App Store, to: /appstore/ecomdiscover, component: Object, icon: Object} @ https://www.app.aisensy.com/static/js/main.f74f339c.js:1
[   20041ms] [LOG] route {id: dashboard, name: Dashboard, to: /dashboard, component: Object, icon: Object} @ https://www.app.aisensy.com/static/js/main.f74f339c.js:1
[   20041ms] [LOG] route {id: liveChat, name: Live Chat, to: /live, component: Object, icon: Object} @ https://www.app.aisensy.com/static/js/main.f74f339c.js:1
[   20042ms] [LOG] route {id: history, name: History, to: /history, component: Object, icon: Object} @ https://www.app.aisensy.com/static/js/main.f74f339c.js:1
[   20042ms] [LOG] route {id: contacts, name: Contacts, to: /contacts, component: Object, icon: Object} @ https://www.app.aisensy.com/static/js/main.f74f339c.js:1
[   20042ms] [LOG] route {id: templateMessage, name: Template Message, to: /template-message, component: Object, icon: Object} @ https://www.app.aisensy.com/static/js/main.f74f339c.js:1
[   20042ms] [LOG] route {id: optinManagement, name: Optin Management, to: /optout, component: Object, icon: Object} @ https://www.app.aisensy.com/static/js/main.f74f339c.js:1
[   20042ms] [LOG] route {id: liveChatSettings, name: Live Chat Settings, to: /chat-settings, component: Object, icon: Object} @ https://www.app.aisensy.com/static/js/main.f74f339c.js:1
[   20042ms] [LOG] route {id: campaignSettings, name: Campaign Settings, to: /campaign-settings, component: Object, icon: Object} @ https://www.app.aisensy.com/static/js/main.f74f339c.js:1
[   20042ms] [LOG] route {id: userAttributes, name: User Attributes, to: /user-attributes, component: Object, icon: Object} @ https://www.app.aisensy.com/static/js/main.f74f339c.js:1
[   20042ms] [LOG] route {id: cannedMessage, name: Canned Message, to: /canned-message, component: Object, icon: Object} @ https://www.app.aisensy.com/static/js/main.f74f339c.js:1
[   20042ms] [LOG] route {id: agents, name: Agents, to: /agents, component: Object, icon: Object} @ https://www.app.aisensy.com/static/js/main.f74f339c.js:1
[   20042ms] [LOG] route {id: tags, name: Tags, to: /tags, component: Object, icon: Object} @ https://www.app.aisensy.com/static/js/main.f74f339c.js:1
[   20042ms] [LOG] route {id: campaigns, name: Campaigns, to: /campaigns, component: , icon: Object} @ https://www.app.aisensy.com/static/js/main.f74f339c.js:1
[   20042ms] [LOG] route {id: adsManagerLayout, name: Ads Manager, to: /advertisement, component: Object, icon: Object} @ https://www.app.aisensy.com/static/js/main.f74f339c.js:1
[   20043ms] [LOG] route {id: adsManagerMainPage, name: Ads Manager, to: /ads-manager, component: Object, icon: Object} @ https://www.app.aisensy.com/static/js/main.f74f339c.js:1
[   20043ms] [LOG] route {id: Event, name: Events, to: /events, component: Object, icon: Object} @ https://www.app.aisensy.com/static/js/main.f74f339c.js:1
[   20043ms] [LOG] route {id: EventDetails, name: Event Details, to: /events/:eventId, component: Object, icon: Object} @ https://www.app.aisensy.com/static/js/main.f74f339c.js:1
[   20043ms] [LOG] route {id: leads, name: Leads, to: /leads, component: Object, icon: Object} @ https://www.app.aisensy.com/static/js/main.f74f339c.js:1
[   20043ms] [LOG] route {id: audiences, name: Audiences, to: /audiences, component: Object, icon: Object} @ https://www.app.aisensy.com/static/js/main.f74f339c.js:1
[   20043ms] [LOG] route {id: setup, name: Setup, to: /setup, component: Object, icon: Object} @ https://www.app.aisensy.com/static/js/main.f74f339c.js:1
[   20043ms] [LOG] route {id: createAds, name: Create Ads, to: /create, component: Object, icon: Object} @ https://www.app.aisensy.com/static/js/main.f74f339c.js:1
[   20043ms] [LOG] route {id: editAds, name: Edit Ads, to: /edit/:adId, component: Object, icon: Object} @ https://www.app.aisensy.com/static/js/main.f74f339c.js:1
[   20043ms] [LOG] route {id: duplicateAds, name: Duplicate Ads, to: /duplicate/:adId, component: Object, icon: Object} @ https://www.app.aisensy.com/static/js/main.f74f339c.js:1
[   20043ms] [LOG] route {id: analytics, name: Analiytics, to: /:id/personal-analytics, component: Object, icon: Object} @ https://www.app.aisensy.com/static/js/main.f74f339c.js:1
[   20043ms] [LOG] route {id: flows, name: Flows, to: /flows, component: Object, icon: Object} @ https://www.app.aisensy.com/static/js/main.f74f339c.js:1
[   20043ms] [LOG] route {id: flowBuilder, name: Flow Builder, to: /flow-builder, component: Object, icon: Object} @ https://www.app.aisensy.com/static/js/main.f74f339c.js:1
[   20044ms] [LOG] route {id: globalAttributes, name: Global Attributes, to: /global-attributes, component: Object, icon: Object} @ https://www.app.aisensy.com/static/js/main.f74f339c.js:1
[   20044ms] [LOG] route {id: manageCatalogues, name: Manage Catalogues, to: /mnage-catalogues, component: Object, icon: Object} @ https://www.app.aisensy.com/static/js/main.f74f339c.js:1
[   20044ms] [LOG] route {id: products, name: Products, to: /products, component: Object, icon: Object} @ https://www.app.aisensy.com/static/js/main.f74f339c.js:1
[   20044ms] [LOG] route {id: connectCatalogue, name: Connect Catalogue, to: /connect-catalgue, component: Object, icon: Object} @ https://www.app.aisensy.com/static/js/main.f74f339c.js:1
[   20044ms] [LOG] route {id: flowBuilder, name: Flow-Builder, to: /flow-page/:flowId, component: Object, icon: Object} @ https://www.app.aisensy.com/static/js/main.f74f339c.js:1
[   20044ms] [LOG] route {id: waPay, name: WA Pay, to: /wa-pay, component: Object, icon: Object} @ https://www.app.aisensy.com/static/js/main.f74f339c.js:1
[   20044ms] [LOG] route {id: payments, name: Payments, to: /payments, component: Object, icon: Object} @ https://www.app.aisensy.com/static/js/main.f74f339c.js:1
[   20044ms] [LOG] route {id: setupMessages, name: Setup Messages, to: /setup-messages, component: , icon: Object} @ https://www.app.aisensy.com/static/js/main.f74f339c.js:1
[   20044ms] [LOG] route {id: settings, name: Settings, to: /settings, component: , icon: Object} @ https://www.app.aisensy.com/static/js/main.f74f339c.js:1
[   20044ms] [LOG] route {id: analyticsPage, name: Analytics, to: /analytics, component: Object, icon: Object} @ https://www.app.aisensy.com/static/js/main.f74f339c.js:1
[   20044ms] [LOG] route {id: developerHub, name: Developer Hub, to: /developer, component: , icon: Object} @ https://www.app.aisensy.com/static/js/main.f74f339c.js:1
[   20044ms] [LOG] route {id: billings, name: Billing & Usage, to: /billings, component: Object, icon: Object} @ https://www.app.aisensy.com/static/js/main.f74f339c.js:1
[   20044ms] [LOG] route {id: manage, name: Manage, to: /manage, component: Object, icon: Object} @ https://www.app.aisensy.com/static/js/main.f74f339c.js:1
[   20044ms] [LOG] route {id: integrations, name: Integrations, to: /integrations, component: Object, icon: Object} @ https://www.app.aisensy.com/static/js/main.f74f339c.js:1
[   20044ms] [LOG] route {id: discover, name: Discover, to: /appstore/discover, component: Object, icon: Object} @ https://www.app.aisensy.com/static/js/main.f74f339c.js:1
[   20044ms] [LOG] route {id: waPaySettings, name: WhatsApp Pay, to: /wa-pay/settings, component: Object, icon: Object} @ https://www.app.aisensy.com/static/js/main.f74f339c.js:1
[   20044ms] [LOG] route {id: storeSetup, name: Store Setup, to: /store-setup, component: Object, icon: Object} @ https://www.app.aisensy.com/static/js/main.f74f339c.js:1
[   20045ms] [LOG] route {id: notificationPreferences, name: Notification Preferences, to: /notification-preferences, component: Object, icon: Object} @ https://www.app.aisensy.com/static/js/main.f74f339c.js:1
[   20045ms] [LOG] route {id: dialogueflowIntegration, name: Dialogflow Integration, to: /dialogflow, component: Object, icon: Object} @ https://www.app.aisensy.com/static/js/main.f74f339c.js:1
[   20045ms] [LOG] route {id: appStore, name: App Store, to: /appstore/ecomdiscover, component: Object, icon: Object} @ https://www.app.aisensy.com/static/js/main.f74f339c.js:1
[   20789ms] [LOG] route {id: dashboard, name: Dashboard, to: /dashboard, component: Object, icon: Object} @ https://www.app.aisensy.com/static/js/main.f74f339c.js:1
[   20789ms] [LOG] route {id: liveChat, name: Live Chat, to: /live, component: Object, icon: Object} @ https://www.app.aisensy.com/static/js/main.f74f339c.js:1
[   20789ms] [LOG] route {id: history, name: History, to: /history, component: Object, icon: Object} @ https://www.app.aisensy.com/static/js/main.f74f339c.js:1
[   20789ms] [LOG] route {id: contacts, name: Contacts, to: /contacts, component: Object, icon: Object} @ https://www.app.aisensy.com/static/js/main.f74f339c.js:1
[   20789ms] [LOG] route {id: templateMessage, name: Template Message, to: /template-message, component: Object, icon: Object} @ https://www.app.aisensy.com/static/js/main.f74f339c.js:1
[   20789ms] [LOG] route {id: optinManagement, name: Optin Management, to: /optout, component: Object, icon: Object} @ https://www.app.aisensy.com/static/js/main.f74f339c.js:1
[   20789ms] [LOG] route {id: liveChatSettings, name: Live Chat Settings, to: /chat-settings, component: Object, icon: Object} @ https://www.app.aisensy.com/static/js/main.f74f339c.js:1
[   20789ms] [LOG] route {id: campaignSettings, name: Campaign Settings, to: /campaign-settings, component: Object, icon: Object} @ https://www.app.aisensy.com/static/js/main.f74f339c.js:1
[   20789ms] [LOG] route {id: userAttributes, name: User Attributes, to: /user-attributes, component: Object, icon: Object} @ https://www.app.aisensy.com/static/js/main.f74f339c.js:1
[   20789ms] [LOG] route {id: cannedMessage, name: Canned Message, to: /canned-message, component: Object, icon: Object} @ https://www.app.aisensy.com/static/js/main.f74f339c.js:1
[   20790ms] [LOG] route {id: agents, name: Agents, to: /agents, component: Object, icon: Object} @ https://www.app.aisensy.com/static/js/main.f74f339c.js:1
[   20790ms] [LOG] route {id: tags, name: Tags, to: /tags, component: Object, icon: Object} @ https://www.app.aisensy.com/static/js/main.f74f339c.js:1
[   20790ms] [LOG] route {id: campaigns, name: Campaigns, to: /campaigns, component: , icon: Object} @ https://www.app.aisensy.com/static/js/main.f74f339c.js:1
[   20790ms] [LOG] route {id: adsManagerLayout, name: Ads Manager, to: /advertisement, component: Object, icon: Object} @ https://www.app.aisensy.com/static/js/main.f74f339c.js:1
[   20790ms] [LOG] route {id: adsManagerMainPage, name: Ads Manager, to: /ads-manager, component: Object, icon: Object} @ https://www.app.aisensy.com/static/js/main.f74f339c.js:1
[   20790ms] [LOG] route {id: Event, name: Events, to: /events, component: Object, icon: Object} @ https://www.app.aisensy.com/static/js/main.f74f339c.js:1
[   20790ms] [LOG] route {id: EventDetails, name: Event Details, to: /events/:eventId, component: Object, icon: Object} @ https://www.app.aisensy.com/static/js/main.f74f339c.js:1
[   20790ms] [LOG] route {id: leads, name: Leads, to: /leads, component: Object, icon: Object} @ https://www.app.aisensy.com/static/js/main.f74f339c.js:1
[   20790ms] [LOG] route {id: audiences, name: Audiences, to: /audiences, component: Object, icon: Object} @ https://www.app.aisensy.com/static/js/main.f74f339c.js:1
[   20790ms] [LOG] route {id: setup, name: Setup, to: /setup, component: Object, icon: Object} @ https://www.app.aisensy.com/static/js/main.f74f339c.js:1
[   20790ms] [LOG] route {id: createAds, name: Create Ads, to: /create, component: Object, icon: Object} @ https://www.app.aisensy.com/static/js/main.f74f339c.js:1
[   20790ms] [LOG] route {id: editAds, name: Edit Ads, to: /edit/:adId, component: Object, icon: Object} @ https://www.app.aisensy.com/static/js/main.f74f339c.js:1
[   20791ms] [LOG] route {id: duplicateAds, name: Duplicate Ads, to: /duplicate/:adId, component: Object, icon: Object} @ https://www.app.aisensy.com/static/js/main.f74f339c.js:1
[   20791ms] [LOG] route {id: analytics, name: Analiytics, to: /:id/personal-analytics, component: Object, icon: Object} @ https://www.app.aisensy.com/static/js/main.f74f339c.js:1
[   20791ms] [LOG] route {id: flows, name: Flows, to: /flows, component: Object, icon: Object} @ https://www.app.aisensy.com/static/js/main.f74f339c.js:1
[   20791ms] [LOG] route {id: flowBuilder, name: Flow Builder, to: /flow-builder, component: Object, icon: Object} @ https://www.app.aisensy.com/static/js/main.f74f339c.js:1
[   20791ms] [LOG] route {id: globalAttributes, name: Global Attributes, to: /global-attributes, component: Object, icon: Object} @ https://www.app.aisensy.com/static/js/main.f74f339c.js:1
[   20791ms] [LOG] route {id: manageCatalogues, name: Manage Catalogues, to: /mnage-catalogues, component: Object, icon: Object} @ https://www.app.aisensy.com/static/js/main.f74f339c.js:1
[   20791ms] [LOG] route {id: products, name: Products, to: /products, component: Object, icon: Object} @ https://www.app.aisensy.com/static/js/main.f74f339c.js:1
[   20791ms] [LOG] route {id: connectCatalogue, name: Connect Catalogue, to: /connect-catalgue, component: Object, icon: Object} @ https://www.app.aisensy.com/static/js/main.f74f339c.js:1
[   20791ms] [LOG] route {id: flowBuilder, name: Flow-Builder, to: /flow-page/:flowId, component: Object, icon: Object} @ https://www.app.aisensy.com/static/js/main.f74f339c.js:1
[   20791ms] [LOG] route {id: waPay, name: WA Pay, to: /wa-pay, component: Object, icon: Object} @ https://www.app.aisensy.com/static/js/main.f74f339c.js:1
[   20791ms] [LOG] route {id: payments, name: Payments, to: /payments, component: Object, icon: Object} @ https://www.app.aisensy.com/static/js/main.f74f339c.js:1
[   20791ms] [LOG] route {id: setupMessages, name: Setup Messages, to: /setup-messages, component: , icon: Object} @ https://www.app.aisensy.com/static/js/main.f74f339c.js:1
[   20791ms] [LOG] route {id: settings, name: Settings, to: /settings, component: , icon: Object} @ https://www.app.aisensy.com/static/js/main.f74f339c.js:1
[   20792ms] [LOG] route {id: analyticsPage, name: Analytics, to: /analytics, component: Object, icon: Object} @ https://www.app.aisensy.com/static/js/main.f74f339c.js:1
[   20792ms] [LOG] route {id: developerHub, name: Developer Hub, to: /developer, component: , icon: Object} @ https://www.app.aisensy.com/static/js/main.f74f339c.js:1
[   20792ms] [LOG] route {id: billings, name: Billing & Usage, to: /billings, component: Object, icon: Object} @ https://www.app.aisensy.com/static/js/main.f74f339c.js:1
[   20792ms] [LOG] route {id: manage, name: Manage, to: /manage, component: Object, icon: Object} @ https://www.app.aisensy.com/static/js/main.f74f339c.js:1
[   20792ms] [LOG] route {id: integrations, name: Integrations, to: /integrations, component: Object, icon: Object} @ https://www.app.aisensy.com/static/js/main.f74f339c.js:1
[   20792ms] [LOG] route {id: discover, name: Discover, to: /appstore/discover, component: Object, icon: Object} @ https://www.app.aisensy.com/static/js/main.f74f339c.js:1
[   20792ms] [LOG] route {id: waPaySettings, name: WhatsApp Pay, to: /wa-pay/settings, component: Object, icon: Object} @ https://www.app.aisensy.com/static/js/main.f74f339c.js:1
[   20792ms] [LOG] route {id: storeSetup, name: Store Setup, to: /store-setup, component: Object, icon: Object} @ https://www.app.aisensy.com/static/js/main.f74f339c.js:1
[   20792ms] [LOG] route {id: notificationPreferences, name: Notification Preferences, to: /notification-preferences, component: Object, icon: Object} @ https://www.app.aisensy.com/static/js/main.f74f339c.js:1
[   20792ms] [LOG] route {id: dialogueflowIntegration, name: Dialogflow Integration, to: /dialogflow, component: Object, icon: Object} @ https://www.app.aisensy.com/static/js/main.f74f339c.js:1
[   20792ms] [LOG] route {id: appStore, name: App Store, to: /appstore/ecomdiscover, component: Object, icon: Object} @ https://www.app.aisensy.com/static/js/main.f74f339c.js:1
[   20801ms] [LOG] route {id: dashboard, name: Dashboard, to: /dashboard, component: Object, icon: Object} @ https://www.app.aisensy.com/static/js/main.f74f339c.js:1
[   20801ms] [LOG] route {id: liveChat, name: Live Chat, to: /live, component: Object, icon: Object} @ https://www.app.aisensy.com/static/js/main.f74f339c.js:1
[   20801ms] [LOG] route {id: history, name: History, to: /history, component: Object, icon: Object} @ https://www.app.aisensy.com/static/js/main.f74f339c.js:1
[   20801ms] [LOG] route {id: contacts, name: Contacts, to: /contacts, component: Object, icon: Object} @ https://www.app.aisensy.com/static/js/main.f74f339c.js:1
[   20802ms] [LOG] route {id: templateMessage, name: Template Message, to: /template-message, component: Object, icon: Object} @ https://www.app.aisensy.com/static/js/main.f74f339c.js:1
[   20802ms] [LOG] route {id: optinManagement, name: Optin Management, to: /optout, component: Object, icon: Object} @ https://www.app.aisensy.com/static/js/main.f74f339c.js:1
[   20802ms] [LOG] route {id: liveChatSettings, name: Live Chat Settings, to: /chat-settings, component: Object, icon: Object} @ https://www.app.aisensy.com/static/js/main.f74f339c.js:1
[   20802ms] [LOG] route {id: campaignSettings, name: Campaign Settings, to: /campaign-settings, component: Object, icon: Object} @ https://www.app.aisensy.com/static/js/main.f74f339c.js:1
[   20802ms] [LOG] route {id: userAttributes, name: User Attributes, to: /user-attributes, component: Object, icon: Object} @ https://www.app.aisensy.com/static/js/main.f74f339c.js:1
[   20802ms] [LOG] route {id: cannedMessage, name: Canned Message, to: /canned-message, component: Object, icon: Object} @ https://www.app.aisensy.com/static/js/main.f74f339c.js:1
[   20802ms] [LOG] route {id: agents, name: Agents, to: /agents, component: Object, icon: Object} @ https://www.app.aisensy.com/static/js/main.f74f339c.js:1
[   20802ms] [LOG] route {id: tags, name: Tags, to: /tags, component: Object, icon: Object} @ https://www.app.aisensy.com/static/js/main.f74f339c.js:1
[   20802ms] [LOG] route {id: campaigns, name: Campaigns, to: /campaigns, component: , icon: Object} @ https://www.app.aisensy.com/static/js/main.f74f339c.js:1
[   20802ms] [LOG] route {id: adsManagerLayout, name: Ads Manager, to: /advertisement, component: Object, icon: Object} @ https://www.app.aisensy.com/static/js/main.f74f339c.js:1
[   20802ms] [LOG] route {id: adsManagerMainPage, name: Ads Manager, to: /ads-manager, component: Object, icon: Object} @ https://www.app.aisensy.com/static/js/main.f74f339c.js:1
[   20803ms] [LOG] route {id: Event, name: Events, to: /events, component: Object, icon: Object} @ https://www.app.aisensy.com/static/js/main.f74f339c.js:1
[   20803ms] [LOG] route {id: EventDetails, name: Event Details, to: /events/:eventId, component: Object, icon: Object} @ https://www.app.aisensy.com/static/js/main.f74f339c.js:1
[   20803ms] [LOG] route {id: leads, name: Leads, to: /leads, component: Object, icon: Object} @ https://www.app.aisensy.com/static/js/main.f74f339c.js:1
[   20803ms] [LOG] route {id: audiences, name: Audiences, to: /audiences, component: Object, icon: Object} @ https://www.app.aisensy.com/static/js/main.f74f339c.js:1
[   20803ms] [LOG] route {id: setup, name: Setup, to: /setup, component: Object, icon: Object} @ https://www.app.aisensy.com/static/js/main.f74f339c.js:1
[   20803ms] [LOG] route {id: createAds, name: Create Ads, to: /create, component: Object, icon: Object} @ https://www.app.aisensy.com/static/js/main.f74f339c.js:1
[   20803ms] [LOG] route {id: editAds, name: Edit Ads, to: /edit/:adId, component: Object, icon: Object} @ https://www.app.aisensy.com/static/js/main.f74f339c.js:1
[   20803ms] [LOG] route {id: duplicateAds, name: Duplicate Ads, to: /duplicate/:adId, component: Object, icon: Object} @ https://www.app.aisensy.com/static/js/main.f74f339c.js:1
[   20803ms] [LOG] route {id: analytics, name: Analiytics, to: /:id/personal-analytics, component: Object, icon: Object} @ https://www.app.aisensy.com/static/js/main.f74f339c.js:1
[   20803ms] [LOG] route {id: flows, name: Flows, to: /flows, component: Object, icon: Object} @ https://www.app.aisensy.com/static/js/main.f74f339c.js:1
[   20803ms] [LOG] route {id: flowBuilder, name: Flow Builder, to: /flow-builder, component: Object, icon: Object} @ https://www.app.aisensy.com/static/js/main.f74f339c.js:1
[   20804ms] [LOG] route {id: globalAttributes, name: Global Attributes, to: /global-attributes, component: Object, icon: Object} @ https://www.app.aisensy.com/static/js/main.f74f339c.js:1
[   20804ms] [LOG] route {id: manageCatalogues, name: Manage Catalogues, to: /mnage-catalogues, component: Object, icon: Object} @ https://www.app.aisensy.com/static/js/main.f74f339c.js:1
[   20804ms] [LOG] route {id: products, name: Products, to: /products, component: Object, icon: Object} @ https://www.app.aisensy.com/static/js/main.f74f339c.js:1
[   20804ms] [LOG] route {id: connectCatalogue, name: Connect Catalogue, to: /connect-catalgue, component: Object, icon: Object} @ https://www.app.aisensy.com/static/js/main.f74f339c.js:1
[   20804ms] [LOG] route {id: flowBuilder, name: Flow-Builder, to: /flow-page/:flowId, component: Object, icon: Object} @ https://www.app.aisensy.com/static/js/main.f74f339c.js:1
[   20804ms] [LOG] route {id: waPay, name: WA Pay, to: /wa-pay, component: Object, icon: Object} @ https://www.app.aisensy.com/static/js/main.f74f339c.js:1
[   20804ms] [LOG] route {id: payments, name: Payments, to: /payments, component: Object, icon: Object} @ https://www.app.aisensy.com/static/js/main.f74f339c.js:1
[   20804ms] [LOG] route {id: setupMessages, name: Setup Messages, to: /setup-messages, component: , icon: Object} @ https://www.app.aisensy.com/static/js/main.f74f339c.js:1
[   20804ms] [LOG] route {id: settings, name: Settings, to: /settings, component: , icon: Object} @ https://www.app.aisensy.com/static/js/main.f74f339c.js:1
[   20804ms] [LOG] route {id: analyticsPage, name: Analytics, to: /analytics, component: Object, icon: Object} @ https://www.app.aisensy.com/static/js/main.f74f339c.js:1
[   20804ms] [LOG] route {id: developerHub, name: Developer Hub, to: /developer, component: , icon: Object} @ https://www.app.aisensy.com/static/js/main.f74f339c.js:1
[   20804ms] [LOG] route {id: billings, name: Billing & Usage, to: /billings, component: Object, icon: Object} @ https://www.app.aisensy.com/static/js/main.f74f339c.js:1
[   20805ms] [LOG] route {id: manage, name: Manage, to: /manage, component: Object, icon: Object} @ https://www.app.aisensy.com/static/js/main.f74f339c.js:1
[   20805ms] [LOG] route {id: integrations, name: Integrations, to: /integrations, component: Object, icon: Object} @ https://www.app.aisensy.com/static/js/main.f74f339c.js:1
[   20805ms] [LOG] route {id: discover, name: Discover, to: /appstore/discover, component: Object, icon: Object} @ https://www.app.aisensy.com/static/js/main.f74f339c.js:1
[   20805ms] [LOG] route {id: waPaySettings, name: WhatsApp Pay, to: /wa-pay/settings, component: Object, icon: Object} @ https://www.app.aisensy.com/static/js/main.f74f339c.js:1
[   20805ms] [LOG] route {id: storeSetup, name: Store Setup, to: /store-setup, component: Object, icon: Object} @ https://www.app.aisensy.com/static/js/main.f74f339c.js:1
[   20805ms] [LOG] route {id: notificationPreferences, name: Notification Preferences, to: /notification-preferences, component: Object, icon: Object} @ https://www.app.aisensy.com/static/js/main.f74f339c.js:1
[   20805ms] [LOG] route {id: dialogueflowIntegration, name: Dialogflow Integration, to: /dialogflow, component: Object, icon: Object} @ https://www.app.aisensy.com/static/js/main.f74f339c.js:1
[   20805ms] [LOG] route {id: appStore, name: App Store, to: /appstore/ecomdiscover, component: Object, icon: Object} @ https://www.app.aisensy.com/static/js/main.f74f339c.js:1
[   47567ms] [LOG] route {id: dashboard, name: Dashboard, to: /dashboard, component: Object, icon: Object} @ https://www.app.aisensy.com/static/js/main.f74f339c.js:1
[   47567ms] [LOG] route {id: liveChat, name: Live Chat, to: /live, component: Object, icon: Object} @ https://www.app.aisensy.com/static/js/main.f74f339c.js:1
[   47567ms] [LOG] route {id: history, name: History, to: /history, component: Object, icon: Object} @ https://www.app.aisensy.com/static/js/main.f74f339c.js:1
[   47567ms] [LOG] route {id: contacts, name: Contacts, to: /contacts, component: Object, icon: Object} @ https://www.app.aisensy.com/static/js/main.f74f339c.js:1
[   47567ms] [LOG] route {id: templateMessage, name: Template Message, to: /template-message, component: Object, icon: Object} @ https://www.app.aisensy.com/static/js/main.f74f339c.js:1
[   47567ms] [LOG] route {id: optinManagement, name: Optin Management, to: /optout, component: Object, icon: Object} @ https://www.app.aisensy.com/static/js/main.f74f339c.js:1
[   47567ms] [LOG] route {id: liveChatSettings, name: Live Chat Settings, to: /chat-settings, component: Object, icon: Object} @ https://www.app.aisensy.com/static/js/main.f74f339c.js:1
[   47567ms] [LOG] route {id: campaignSettings, name: Campaign Settings, to: /campaign-settings, component: Object, icon: Object} @ https://www.app.aisensy.com/static/js/main.f74f339c.js:1
[   47567ms] [LOG] route {id: userAttributes, name: User Attributes, to: /user-attributes, component: Object, icon: Object} @ https://www.app.aisensy.com/static/js/main.f74f339c.js:1
[   47567ms] [LOG] route {id: cannedMessage, name: Canned Message, to: /canned-message, component: Object, icon: Object} @ https://www.app.aisensy.com/static/js/main.f74f339c.js:1
[   47567ms] [LOG] route {id: agents, name: Agents, to: /agents, component: Object, icon: Object} @ https://www.app.aisensy.com/static/js/main.f74f339c.js:1
[   47567ms] [LOG] route {id: tags, name: Tags, to: /tags, component: Object, icon: Object} @ https://www.app.aisensy.com/static/js/main.f74f339c.js:1
[   47567ms] [LOG] route {id: campaigns, name: Campaigns, to: /campaigns, component: , icon: Object} @ https://www.app.aisensy.com/static/js/main.f74f339c.js:1
[   47567ms] [LOG] route {id: adsManagerLayout, name: Ads Manager, to: /advertisement, component: Object, icon: Object} @ https://www.app.aisensy.com/static/js/main.f74f339c.js:1
[   47567ms] [LOG] route {id: adsManagerMainPage, name: Ads Manager, to: /ads-manager, component: Object, icon: Object} @ https://www.app.aisensy.com/static/js/main.f74f339c.js:1
[   47568ms] [LOG] route {id: Event, name: Events, to: /events, component: Object, icon: Object} @ https://www.app.aisensy.com/static/js/main.f74f339c.js:1
[   47568ms] [LOG] route {id: EventDetails, name: Event Details, to: /events/:eventId, component: Object, icon: Object} @ https://www.app.aisensy.com/static/js/main.f74f339c.js:1
[   47568ms] [LOG] route {id: leads, name: Leads, to: /leads, component: Object, icon: Object} @ https://www.app.aisensy.com/static/js/main.f74f339c.js:1
[   47568ms] [LOG] route {id: audiences, name: Audiences, to: /audiences, component: Object, icon: Object} @ https://www.app.aisensy.com/static/js/main.f74f339c.js:1
[   47568ms] [LOG] route {id: setup, name: Setup, to: /setup, component: Object, icon: Object} @ https://www.app.aisensy.com/static/js/main.f74f339c.js:1
[   47568ms] [LOG] route {id: createAds, name: Create Ads, to: /create, component: Object, icon: Object} @ https://www.app.aisensy.com/static/js/main.f74f339c.js:1
[   47568ms] [LOG] route {id: editAds, name: Edit Ads, to: /edit/:adId, component: Object, icon: Object} @ https://www.app.aisensy.com/static/js/main.f74f339c.js:1
[   47568ms] [LOG] route {id: duplicateAds, name: Duplicate Ads, to: /duplicate/:adId, component: Object, icon: Object} @ https://www.app.aisensy.com/static/js/main.f74f339c.js:1
[   47568ms] [LOG] route {id: analytics, name: Analiytics, to: /:id/personal-analytics, component: Object, icon: Object} @ https://www.app.aisensy.com/static/js/main.f74f339c.js:1
[   47568ms] [LOG] route {id: flows, name: Flows, to: /flows, component: Object, icon: Object} @ https://www.app.aisensy.com/static/js/main.f74f339c.js:1
[   47568ms] [LOG] route {id: flowBuilder, name: Flow Builder, to: /flow-builder, component: Object, icon: Object} @ https://www.app.aisensy.com/static/js/main.f74f339c.js:1
[   47568ms] [LOG] route {id: globalAttributes, name: Global Attributes, to: /global-attributes, component: Object, icon: Object} @ https://www.app.aisensy.com/static/js/main.f74f339c.js:1
[   47568ms] [LOG] route {id: manageCatalogues, name: Manage Catalogues, to: /mnage-catalogues, component: Object, icon: Object} @ https://www.app.aisensy.com/static/js/main.f74f339c.js:1
[   47568ms] [LOG] route {id: products, name: Products, to: /products, component: Object, icon: Object} @ https://www.app.aisensy.com/static/js/main.f74f339c.js:1
[   47568ms] [LOG] route {id: connectCatalogue, name: Connect Catalogue, to: /connect-catalgue, component: Object, icon: Object} @ https://www.app.aisensy.com/static/js/main.f74f339c.js:1
[   47568ms] [LOG] route {id: flowBuilder, name: Flow-Builder, to: /flow-page/:flowId, component: Object, icon: Object} @ https://www.app.aisensy.com/static/js/main.f74f339c.js:1
[   47568ms] [LOG] route {id: waPay, name: WA Pay, to: /wa-pay, component: Object, icon: Object} @ https://www.app.aisensy.com/static/js/main.f74f339c.js:1
[   47568ms] [LOG] route {id: payments, name: Payments, to: /payments, component: Object, icon: Object} @ https://www.app.aisensy.com/static/js/main.f74f339c.js:1
[   47568ms] [LOG] route {id: setupMessages, name: Setup Messages, to: /setup-messages, component: , icon: Object} @ https://www.app.aisensy.com/static/js/main.f74f339c.js:1
[   47568ms] [LOG] route {id: settings, name: Settings, to: /settings, component: , icon: Object} @ https://www.app.aisensy.com/static/js/main.f74f339c.js:1
[   47568ms] [LOG] route {id: analyticsPage, name: Analytics, to: /analytics, component: Object, icon: Object} @ https://www.app.aisensy.com/static/js/main.f74f339c.js:1
[   47568ms] [LOG] route {id: developerHub, name: Developer Hub, to: /developer, component: , icon: Object} @ https://www.app.aisensy.com/static/js/main.f74f339c.js:1
[   47569ms] [LOG] route {id: billings, name: Billing & Usage, to: /billings, component: Object, icon: Object} @ https://www.app.aisensy.com/static/js/main.f74f339c.js:1
[   47569ms] [LOG] route {id: manage, name: Manage, to: /manage, component: Object, icon: Object} @ https://www.app.aisensy.com/static/js/main.f74f339c.js:1
[   47569ms] [LOG] route {id: integrations, name: Integrations, to: /integrations, component: Object, icon: Object} @ https://www.app.aisensy.com/static/js/main.f74f339c.js:1
[   47569ms] [LOG] route {id: discover, name: Discover, to: /appstore/discover, component: Object, icon: Object} @ https://www.app.aisensy.com/static/js/main.f74f339c.js:1
[   47569ms] [LOG] route {id: waPaySettings, name: WhatsApp Pay, to: /wa-pay/settings, component: Object, icon: Object} @ https://www.app.aisensy.com/static/js/main.f74f339c.js:1
[   47569ms] [LOG] route {id: storeSetup, name: Store Setup, to: /store-setup, component: Object, icon: Object} @ https://www.app.aisensy.com/static/js/main.f74f339c.js:1
[   47569ms] [LOG] route {id: notificationPreferences, name: Notification Preferences, to: /notification-preferences, component: Object, icon: Object} @ https://www.app.aisensy.com/static/js/main.f74f339c.js:1
[   47569ms] [LOG] route {id: dialogueflowIntegration, name: Dialogflow Integration, to: /dialogflow, component: Object, icon: Object} @ https://www.app.aisensy.com/static/js/main.f74f339c.js:1
[   47569ms] [LOG] route {id: appStore, name: App Store, to: /appstore/ecomdiscover, component: Object, icon: Object} @ https://www.app.aisensy.com/static/js/main.f74f339c.js:1
[   58502ms] [LOG] %cWebEngage%c %cERROR color: #FFFFFF; background-color: #533370; padding: 2px 4px 1px 4px; border-radius: 2px  color: #FFFFFF; background-color: #FF0048; padding: 2px 4px 1px 4px; border-radius: 2px  SDK config "webengage_fs_configurationMap" is undefined or improper Error: SDK config "webengage_fs_configurationMap" is undefined or improper
    at B (https://widgets.in.webengage.com/js/webengage-min-v-6.0.js:1:443492)
    at https://widgets.in.webengage.com/js/webengage-min-v-6.0.js:1:449033
    at l (https://widgets.in.webengage.com/js/webengage-min-v-6.0.js:1:2328)
    at https://widgets.in.webengage.com/js/webengage-min-v-6.0.js:1:2696
    at https://widgets.in.webengage.com/js/webengage-min-v-6.0.js:1:443369
    at o.ie.o.version.e.onload (https://widgets.in.webengage.com/js/webengage-min-v-6.0.js:1:122015) @ https://www.app.aisensy.com/static/js/main.f74f339c.js:1
